CutSize 1820
DieA 4878
C8026
C13596
C6350
C6566
C13347
C8099
C9195
C10233
C4408
C7670
C1087
C1352
C5734
C6428
C10246
C5016
C13678
C6434
C5545
C8029
C7761
C1061
C795
C10419
C6378
C787
C10217
C9605
C2564
C8249
C3964
C12992
C5075
C3873
C2517
C9206
C1089
C11498
C3018
C11688
C13500
C5036
C4897
C5104
C7692
C2895
C10282
C13364
C4405
C590
C6175
C12200
C2612
C1747
C11650
C3938
C8122
C1172
C3667
C2901
C5638
C7516
C2329
C5233
C2369
C9200
C10026
C1064
C10744
C10713
C3019
C66
C9749
C8156
C10659
C577
C4645
C5813
C4672
C4765
C6402
C1168
C4222
C10227
C4825
C5978
C6848
C3035
C10774
C10684
C4881
C254
C6518
C7773
C5745
C5815
C2506
C820
C819
C130
C7730
C8625
C4372
C6450
C10535
C13588
C8930
C13763
C390
C1344
C5008
C4654
C13616
C3878
C7911
C8369
C8608
C7823
C321
C5194
C2997
C11029
C2765
C7374
C15
C4411
C1545
C2492
C4607
C1744
C10727
C5986
C10278
C4641
C4688
C5512
C13548
C12351
C2845
C8420
C11857
C6612
C7710
C6119
C2431
C10820
C11388
C4640
C10110
C11916
C7190
C8375
C2158
C12332
C5341
C848
C11551
C10134
C3387
C6290
C11856
C10164
C472
C13687
C11019
C714
C8415
C4152
C10219
C3008
C12038
C2922
C13850
C5011
C11713
C9395
C6817
C2459
C1371
C11570
C2776
C12098
C1860
C4017
C7375
C2968
C2980
C11526
C5234
C7653
C13716
C4529
C8781
C13801
C2507
C12587
C3402
C4651
C6990
C8511
C4219
C10355
C4612
C3982
C5370
C8700
C11854
C4581
C346
C2474
C9498
C3991
C9563
C13594
C5726
C4528
C6584
C10159
C7706
C3235
C12777
C3062
C12911
C6430
C6585
C1057
C13655
C8282
C1407
C10613
C8110
C10315
C11541
C6466
C10032
C10025
C11412
C1570
C9393
C3593
C8520
C5470
C10031
C2050
C6258
C1754
C4461
C13621
C8692
C12789
C1703
C13702
C9556
C1060
C6994
C8340
C12915
C12385
C11913
C8976
C1515
C1362
C6675
C6361
C13645
C13335
C13569
C12548
C10372
C13641
C4655
C8028
C8693
C11241
C7907
C408
C13382
C5109
C12704
C6803
C8549
C6993
C11651
C3079
C10028
C11447
C2362
C4726
C8015
C2190
C12601
C10247
C8598
C5121
C369
C6908
C3408
C8697
C3628
C10398
C10342
C6028
C2852
C2702
C12041
C6481
C9617
C595
C4469
C13815
C5976
C6914
C7039
C9534
C10894
C9591
C399
C1098
C6505
C6915
C8931
C10415
C49
C11701
C4878
C11887
C10672
C12378
C1573
C8631
C8457
C9601
C10323
C2477
C2422
C11855
C9440
C1752
C2078
C3020
C2716
C1557
C9150
C7005
C1070
C11031
C2921
C8458
C12986
C9709
C8494
C601
C3811
C9710
C2576
C578
C11971
C5357
C8117
C13896
C1535
C3967
C11414
C3983
C1531
C10316
C5373
C11563
C12605
C9
C68
C4728
C9161
C8595
C13562
C12924
C6365
C7798
C1170
C2524
C9553
C8619
C13873
C2726
C3995
C6368
C12109
C6938
C1499
C301
C2183
C12095
C1536
C13276
C1840
C2554
C4653
C7450
C416
C1074
C5932
C6992
C5799
C7849
C10242
C2960
C12925
C197
C10280
C12362
C3989
C8262
C11051
C4718
C12118
C12994
C308
C1774
C9497
C8417
C262
C9746
C10707
C285
C3687
C11542
C7695
C11914
C11963
C9705
C3407
C11544
C3693
C8446
C13502
C11468
C10220
C3023
C3404
C4994
C1104
C5676
C13582
C4921
C11292
C2936
C8550
C5115
C9828
C1745
C12201
C7726
C2497
C12779
C11966
C4775
C7652
C1484
C12116
C13512
C5850
C8368
C5754
C7044
C9602
C12163
C10908
C4016
C2484
C2156
C13341
C7696
C9626
C1223
C58
C8008
C10334
C10901
C935
C10833
C11068
C6173
C4008
C6804
C7714
C6953
C2358
C3611
C2352
C4466
C9273
C8538
C1742
C9763
C8349
C1469
C9833
C217
C4899
C12998
C4727
C3026
C6926
C5677
C11698
C1509
C5120
C7826
C7776
C8695
C13903
C5737
C12834
C2855
C11689
C2411
C4404
C10365
C9286
C2468
C13649
C9758
C13630
C13603
C10745
C5038
C132
C4699
C8484
C7377
C12111
C10281
C7996
C6825
C12729
C8423
C3999
C10917
C5005
C415
C7990
C7122
C9603
C2470
C3908
C12191
C2891
C2421
C7469
C6768
C12543
C4742
C12439
C8035
C234
C7539
C3024
C11385
C12104
C10780
C4682
C5193
C8357
C11405
C8018
C12043
C1345
C12244
C8005
C1679
C5069
C7801
C13650
C11217
C7183
C13675
C3707
C10791
C8047
C3082
C8276
C10739
C7805
C9404
C6763
C2503
C1506
C7035
C4991
C2005
C7747
C291
C4604
C67
C12958
C2556
C5380
C13705
C7866
C10571
C8774
C7736
C8113
C2435
C8360
C10531
C4220
C12040
C11707
C229
C602
C8564
C12398
C5537
C3016
C2513
C1498
C12220
C11540
C2343
C6367
C8611
C7804
C13602
C10353
C2943
C2935
C1406
C7509
C4596
C1056
C5050
C242
C226
C10680
C2082
C11512
C2993
C945
C8319
C13672
C6503
C10898
C1327
C7660
C13545
C8544
C6429
C8440
C12025
C10100
C5336
C8962
C2406
C3014
C8475
C2394
C12891
C2849
C8046
C6955
C9264
C11529
C11439
C2375
C11510
C13346
C5522
C9532
C13571
C12718
C2805
C12390
C470
C4585
C1544
C1562
C7770
C7909
C5015
C3584
C4009
C4957
C9741
C2397
C2429
C8606
C2341
C4673
C7941
C10735
C2717
C10029
C8548
C9607
C11516
C13558
C1086
C404
C7825
C7508
C8630
C12490
C4145
C4572
C4020
C13668
C7795
C7908
C10347
C5698
C1107
C11206
C13620
C8364
C10155
C2510
C5345
C6126
C9621
C2493
C5789
C2116
C9561
C9836
C9604
C7506
C10671
C1834
C154
C6663
C8450
C13711
C5148
C5817
C2944
C127
C8258
C6598
C7029
C10477
C10665
C1556
C8199
C7772
C13633
C6354
C8280
C5797
C6619
C5070
C11967
C5378
C10679
C5238
C567
C10389
C8513
C7711
C13572
C12203
C13865
C12227
C246
C620
C334
C2929
C1477
C10366
C6149
C6220
C12706
C11524
C2452
C6613
C7507
C2512
C10653
C2820
C2237
C6433
C10158
C1285
C6432
C213
C12275
C7913
C13640
C11538
C360
C6150
C12387
C4876
C3694
C3592
C2453
C2153
C310
C11058
C9716
C13581
C7810
C5040
C12234
C8482
C8030
C2186
C2766
C11917
C13901
C3106
C4590
C5543
C3588
C6985
C7031
C497
C2613
C2937
C11964
C9190
C3246
C1750
C4587
C12366
C2516
C13257
C10704
C8690
C3809
C5699
C10322
C4502
C10254
C7001
C8778
C4770
C5800
C5806
C10537
C7160
C4952
C10911
C2692
C6767
C580
C5544
C4012
C13383
C11865
C1541
C12841
C12023
C2071
C10643
C6600
C7758
C9535
C1363
C2488
C12346
C7951
C7740
C5237
C6968
C7994
C2947
C2041
C12110
C3131
C8674
C5838
C13197
C12833
C9967
C481
C5222
C10099
C2896
C2161
C10775
C1365
C218
C480
C1597
C10834
C12441
C4005
C10734
C253
C7993
C8612
C7181
C3078
C8696
C10810
C7512
C10871
C5338
C13889
C3841
C2900
C1336
C10736
C4745
C793
C5138
C6484
C10423
C2419
C8958
C7668
C10422
C12555
C187
C11552
C8115
C3796
C2327
C1207
C12893
C12097
C6124
C5818
C1233
C128
C12611
C165
C10660
C6961
C3418
C13792
C12161
C6514
C8414
C13816
C4646
C5369
C7931
C6276
C6988
C6143
C8938
C7709
C11435
C7148
C2768
C7718
C13852
C9777
C7120
C8640
C9443
C12198
C2253
C4026
C48
C632
C6120
C3086
C5344
C12844
C6664
C12270
C10928
C1581
C8337
C6512
C5119
C12839
C6722
C10931
C5049
C12123
C12170
C2344
C4516
C9403
C12783
C7717
C2016
C6576
C1216
C5002
C2586
C2581
C6489
C10747
C13710
C6610
C3939
C646
C12248
C13503
C6343
C9574
C8540
C10230
C13884
C8959
C6122
C5135
C5964
C6721
C13676
C2965
C6937
C13510
C9201
C5520
C6260
C2353
C1616
C13342
C13766
C4609
C5023
C1378
C5032
C6939
C6358
C11411
C8519
C13674
C3591
C10702
C8670
C3940
C10657
C2840
C2957
C5509
C10785
C3876
C1549
C2531
C4674
C2557
C13386
C9562
C9551
C6379
C889
C8373
C2703
C5196
C9548
C2854
C12926
C2659
C8694
C13770
C533
C7938
C6960
C5583
C12788
C1472
C4678
C3683
C13201
C5024
C2254
C8036
C10130
C7756
C611
C10742
C2932
C2040
C2879
C4983
C12164
C2413
C12547
C8981
C4013
C6127
C7802
C13769
C6223
C12367
C9256
C4774
C1189
C6167
C6544
C7954
C13802
C5641
C13870
C2164
C9614
C10947
C3943
C13669
C5968
C8341
C2504
C13570
C6456
C2472
C2427
C1841
C1284
C6586
C10717
C2498
C3626
C6629
C1343
C12005
C11389
C528
C11023
C1524
C4768
C6986
C4028
C13658
C10538
C12989
C12022
C6371
C1196
C6411
C12099
C8468
C3070
C13000
C7715
C13365
C4978
C4675
C5962
C3970
C4593
C13556
C6169
C2699
C11652
C2543
C2342
C8014
C1167
C10391
C11446
C12802
C13366
C9192
C1770
C605
C9163
C6666
C11515
C6449
C9405
C591
C9558
C4882
C8278
C10357
C7673
C7760
C4146
C13590
C11025
C163
C4603
C4375
C3101
C13712
C1609
C13886
C13593
C3906
C11704
C414
C3233
C3585
C796
C3236
C8283
C5979
C7815
C11533
C8485
C5640
C2236
C10475
C10914
C304
C5592
C11164
C9989
C4223
C3098
C12997
C3952
C9571
C6667
C3036
C11453
C8465
C8359
C119
C4523
C2582
C4896
C286
C6147
C3594
C451
C4025
C8466
C5363
C10331
C6359
C6485
C10577
C8772
C936
C3629
C8514
C13677
C4951
C8673
C4472
C5160
C4928
C13814
C8049
C5928
C10413
C6972
C1221
C2605
C11517
C8361
C4369
C2409
C10652
C4681
C10666
C10373
C13585
C5037
C8461
C1328
C12966
C2831
C12134
C2948
C13199
C11974
C5844
C2467
C3159
C3686
C232
C1563
C6409
C77
C37
C4169
C6380
C3596
C2949
C10553
C12608
C2694
C7075
C2184
C4724
C13897
C1416
C12603
C3955
C12892
C10693
C7745
C1514
C2542
C10321
C1096
C7949
C7716
C10092
C10294
C2418
C10644
C499
C12208
C12553
C7817
C263
C3968
C5513
C5335
C6880
C3025
C1214
C7778
C2688
C12348
C7712
C3033
C10162
C13584
C8523
C1164
C2608
C12036
C5077
C2243
C6764
C12785
C8479
C10231
C1444
C6273
C8963
C12570
C3384
C9991
C11222
C1376
C1117
C1546
C4992
C8491
C4159
C13652
C2479
C4953
C5521
C6691
C4997
C6170
C2594
C8477
C6507
C2247
C2775
C4615
C11267
C256
C13642
C8617
C7834
C5587
C7550
C7158
C11246
C9744
C3856
C8989
C244
C3794
C10536
C5375
C13496
C12251
C9616
C5066
C8699
C7724
C11911
C11863
C11824
C1697
C6294
C12703
C10614
C10225
C2578
C2774
C8011
C12707
C212
C8940
C10239
C13679
C7087
C10160
C2967
C83
C1501
C5792
C4747
C12745
C7537
C1525
C7713
C9713
C8539
C9194
C4692
C12165
C12747
C10695
C8992
C6614
C1265
C9188
C7157
C126
C2595
C1861
C11291
C825
C3946
C4370
C358
C8965
C389
C2469
C10397
C12381
C6436
C5161
C2982
C13809
C8411
C13788
C11213
C8456
C3972
C5739
C6774
C12790
C13513
C9157
C5681
C194
C297
C7723
C7182
C8796
C10649
C72
C118
C11413
C8326
C5073
C8140
C5535
C3624
C11163
C1090
C1055
C1187
C4156
C6237
C12492
C6442
C7703
C13255
C11858
C32
C7
C6366
C10731
C8455
C419
C13599
C2165
C13629
C8200
C13579
C2750
C981
C52
C6788
C2416
C11518
C8698
C12370
C13293
C7738
C2708
C6607
C6257
C683
C8476
C6228
C5045
C13583
C12210
C7850
C1507
C13344
C11969
C3152
C10320
C1547
C8153
C6760
C3855
C6859
C13907
C6438
C12401
C10811
C13369
C4014
C3250
C8025
C9588
C10277
C202
C382
C12731
C4684
C4644
C11467
C10240
C13555
C9258
C295
C2069
C4746
C12985
C3953
C12193
C3875
C2698
C2079
C4955
C4914
C779
C2070
C11050
C6819
C1741
C6360
C9530
C250
C5703
C1190
C12379
C13565
C10424
C7532
C8634
C11885
C4154
C2832
C11499
C5231
C4725
C13686
C6611
C13194
C2755
C828
C8443
C7659
C8734
C7666
C12922
C10238
C3403
C1982
C4531
C6275
C11297
C11568
C10836
C7767
C829
C6958
C5847
C2311
C12954
C12215
C890
C1375
C2899
C3945
C2530
C11532
C4613
C9396
C10574
C2689
C12369
C131
C10027
C10729
C8632
C84
C6121
C292
C13586
C11345
C7091
C8489
C11346
C7794
C9152
C2072
C11714
C5650
C7432
C5004
C6482
C3059
C7930
C2961
C184
C230
C13561
C5511
C2772
C6959
C8526
C12604
C2471
C7119
C1772
C5542
C4583
C11889
C4406
C11454
C1765
C10349
C12887
C3431
C4650
C1542
C6108
C12889
C6823
C10669
C1373
C10572
C8517
C6472
C227
C2502
C9189
C6117
C6816
C150
C5970
C4652
C2898
C11210
C2525
C11466
C11066
C11408
C12115
C1559
C1520
C2334
C11983
C3421
C4877
C13540
C10094
C10431
C6357
C9402
C10223
C13578
C7691
C8273
C8522
C7674
C8071
C5736
C4711
C11509
C6605
C1940
C12224
C5249
C7987
C12600
C2417
C11165
C225
C8279
C7947
C12024
C11859
C5116
C4586
C1185
C206
C11560
C9995
C10096
C13643
C10343
C7179
C9257
C5137
C8413
C9460
C80
C13791
C4708
C1329
C4713
C9441
C10131
C7538
C5368
C5042
C13610
C3433
C11440
C13515
C8776
C6508
C9764
C4171
C11508
C5961
C4460
C2232
C10313
C12356
C8009
C9401
C9752
C3706
C10329
C9589
C8638
C7510
C12247
C2946
C3587
C7813
C2328
C8263
C10293
C5107
C581
C7394
C830
C781
C9267
C5704
C6174
C7774
C11211
C1470
C11235
C9969
C64
C5519
C6577
C1059
C7153
C4137
C6621
C3988
C9753
C2986
C7279
C9543
C9992
C1550
C12272
C4584
C8250
C12382
C7505
C4642
C6227
C535
C6820
C11513
C6999
C209
C4015
C1838
C5334
C5744
C6259
C5219
C13670
C10341
C11028
C5727
C10681
C2844
C3602
C3422
C2791
C1502
C12831
C2197
C5843
C5523
C406
C6716
C13606
C12190
C1400
C10912
C5728
C9527
C9609
C5277
C3877
C12277
C10351
C1555
C8480
C8252
C2838
C13592
C10388
C4481
C13338
C10163
C7985
C6455
C3383
C9778
C7933
C5981
C4880
C10711
C63
C13899
C4347
C233
C7857
C13623
C6828
C8928
C5931
C13904
C13339
C3980
C7828
C8610
C3949
C10033
C5566
C6796
C6582
C3808
C4501
C1567
C10708
C4024
C11699
C2955
C2897
C6486
C7033
C3942
C3976
C2964
C10532
C3119
C3103
C11208
C5014
C13632
C2455
C11458
C117
C6628
C790
C8528
C1566
C3021
C12039
C400
C6457
C6148
C9259
C6818
C2235
C5009
C2408
C13497
C4671
C805
C6168
C10654
C12842
C5741
C11883
C13626
C12912
C2890
C8547
C3961
C785
C5158
C12746
C4
C9594
C4782
C7750
C7007
C1773
C10290
C7009
C8977
C5516
C9555
C9379
C6412
C11410
C3854
C10346
C5251
C9428
C4778
C5974
C151
C10715
C7755
C3405
C8621
C7743
C3993
C2808
C2170
C11049
C6451
C155
C12551
C2333
C293
C4524
C3852
C2555
C3595
C10245
C7281
C9197
C3228
C12225
C7790
C8154
C568
C10714
C1192
C10897
C11024
C6490
C2520
C13550
C9380
C7037
C1757
C794
C6363
C4401
C8017
C6989
C4007
C4224
C7783
C5987
C11457
C5246
C10392
C619
C12101
C7393
C2785
C3586
C11909
C6355
C3
C12333
C12586
C10311
C8567
C6597
C11433
C303
C8463
C8123
C392
C8271
C3061
C78
C8004
C5436
C2224
C11757
C12984
C12787
C2424
C2017
C1435
C208
C13680
C6618
C6229
C13646
C11715
C2412
C9265
C1068
C5848
C4687
C7451
C11207
C2481
C5074
C12554
C8556
C2563
C13644
C11565
C7861
C6991
C1102
C2989
C2159
C2355
C8613
C10576
C13864
C10700
C169
C9994
C12720
C12167
C3420
C2166
C6487
C2823
C4594
C30
C10361
C8622
C5372
C2020
C12751
C7511
C13795
C3374
C3937
C4140
C1767
C13385
C10385
C10252
C5035
C5029
C13636
C12276
C9611
C10737
C7855
C431
C5221
C12350
C12361
C10740
C5810
C12795
C788
C10251
C12699
C6715
C1065
C11436
C149
C9552
C4719
C12354
C69
C13635
C12546
C5793
C2195
C8244
C4468
C2514
C12310
C5371
C1353
C10872
C2181
C1237
C1577
C6620
C3054
C11890
C12344
C11465
C12923
C10354
C9612
C1379
C13511
C5680
C1471
C8467
C1526
C3597
C1193
C783
C9606
C12168
C10393
C6347
C7781
C5534
C12960
C13874
C10236
C1105
C10325
C1782
C1510
C2496
C8447
C1683
C2841
C3022
C7863
C7187
C6829
C4103
C10330
C12371
C2915
C1835
C12800
C12913
C6957
C1174
C13794
C2687
C11403
C4894
C3064
C2758
C6026
C10283
C57
C11219
C786
C5700
C12120
C5702
C11530
C4702
C13810
C10350
C5973
C6362
C474
C7725
C12003
C1571
C2494
C11056
C4990
C3957
C5695
C10783
C11237
C13611
C8597
C9575
C10809
C6643
C6583
C13591
C1575
C5808
C7859
C6513
C9238
C10675
C2432
C10640
C8010
C2565
C5755
C9442
C13813
C5845
C4984
C5012
C12988
C8566
C6353
C8624
C13612
C5811
C13568
C6983
C2313
C637
C2697
C403
C7536
C2920
C3150
C12114
C8012
C7751
C7729
C5823
C7656
C9546
C2996
C6292
C4144
C12212
C10899
C9712
C435
C13878
C8932
C2508
C10873
C13805
C10686
C10102
C5753
C12189
C2602
C12778
C11406
C13767
C4685
C2002
C797
C6461
C12107
C12803
C4599
C5796
C2651
C5701
C12755
C13806
C1564
C11569
C2326
C9526
C2587
C8242
C120
C9970
C10387
C8929
C8474
C2457
C5062
C1220
C4157
C2848
C8111
C6936
C13547
C4981
C7786
C3617
C12102
C453
C600
C12983
C10369
C10906
C6440
C3697
C12231
C5767
C387
C437
C12607
C7864
C4676
C12838
C2584
C12108
C6460
C2466
C2769
C9779
C6408
C6697
C391
C3060
C4764
C13537
C7937
C10792
C2693
C9392
C11758
C2894
C13343
C5814
C12008
C3389
C4723
C10646
C846
C6172
C11564
C831
C4500
C1837
C6601
C5809
C7180
C7741
C2476
C10318
C8469
C10421
C8616
C8493
C10418
C8101
C10579
C8053
C4751
C4773
C294
C3625
C8936
C7280
C3969
C13898
C4591
C10674
C12696
C3944
C8509
C7789
C2519
C333
C5591
C5693
C3798
C8492
C5832
C604
C9547
C10648
C4606
C11694
C7997
C12391
C7742
C5220
C5110
C10552
C2877
C13277
C10658
C8927
C3406
C4019
C8104
C10677
C1062
C9545
C8445
C8448
C1702
C8939
C2319
C7734
C5589
C10234
C11534
C10417
C2317
C2541
C10356
C9755
C418
C9159
C3192
C13855
C7043
C13615
C7757
C12213
C4018
C11236
C3618
C2420
C7090
C13793
C3135
C8604
C6761
C8779
C2925
C3083
C269
C6971
C2761
C12956
C6714
C11970
C6221
C8552
C7791
C1548
C1063
C7753
C12206
C3232
C9569
C6286
C3077
C13563
C4722
C13494
C5982
C8797
C9745
C4160
C11288
C6587
C3089
C10573
C2962
C2425
C5358
C4108
C8449
C12380
C9536
C8773
C10664
C806
C10
C12347
C8488
C10667
C5819
C65
C10412
C10425
C3377
C9766
C8607
C6940
C12786
C1486
C2185
C13708
C1530
C7089
C347
C2533
C2567
C8569
C11535
C13504
C3664
C7147
C7108
C6295
C9830
C5812
C12269
C13371
C3231
C1173
C7934
C189
C1539
C9528
C5333
C12552
C2598
C8070
C7995
C3994
C2458
C12719
C2892
C199
C7912
C1523
C12748
C9624
C10224
C7769
C5679
C2923
C2400
C12280
C7117
C12400
C10216
C13765
C12037
C4614
C12781
C162
C818
C10556
C393
C816
C3583
C5078
C10812
C3857
C9381
C1171
C9834
C11030
C3599
C6912
C10360
C13553
C8362
C2393
C12962
C10705
C7708
C1209
C11055
C7188
C12211
C9464
C11759
C4471
C12845
C407
C13651
C13576
C11064
C5722
C4743
C2589
C6356
C1521
C11062
C9160
C10034
C207
C3623
C3817
C12158
C11409
C6617
C10295
C6452
C4608
C4022
C3230
C10161
C10215
C12888
C11864
C7003
C1479
C164
C13601
C2380
C10370
C2523
C445
C2495
C7004
C5846
C8510
C13557
C3234
C8961
C8444
C4873
C3681
C9587
C5230
C2482
C7780
C13549
C8978
C11656
C3935
C5067
C5567
C7707
C2522
C3973
C7944
C2588
C9445
C9968
C1186
C6404
C4000
C224
C2487
C5804
C9610
C11571
C6471
C8424
C10476
C2074
C2757
C7806
C2006
C12968
C6410
C2465
C12268
C13627
C2803
C11973
C13706
C12750
C6580
C2229
C2196
C5788
C2701
C1740
C11703
C11047
C8342
C799
C33
C12451
C4987
C8137
C5041
C2366
C6665
C11716
C12282
C12499
C5065
C8157
C12122
C13367
C11531
C4716
C7852
C4532
C7809
C13196
C12000
C10243
C12386
C5000
C7111
C3085
C4998
C1073
C13297
C4989
C5343
C10363
C4956
C6515
C11511
C71
C7932
C1330
C5123
C73
C12199
C11290
C12021
C4824
C2917
C12119
C13217
C12042
C9199
C6459
C9158
C6984
C12828
C8134
C5217
C8416
C4995
C10024
C4677
C10869
C10915
C8320
C13648
C7452
C7667
C7727
C12196
C5106
C7662
C5586
C12606
C3010
C2509
C789
C2951
C12273
C6274
C4588
C13533
C4704
C5802
C7818
C156
C10226
C9204
C8592
C2364
C2521
C10287
C6413
C11514
C12112
C2155
C5536
C3622
C7534
C10147
C5360
C3432
C8027
C1551
C268
C782
C4010
C8
C5250
C1560
C13764
C12217
C9559
C5595
C10701
C3842
C13532
C7722
C12717
C191
C5510
C3095
C10098
C11566
C10289
C10741
C5359
C216
C11521
C10132
C2810
C11693
C11861
C4741
C6893
C13808
C8966
C11982
C2824
C5108
C2762
C6349
C6448
C5061
C13638
C11697
C9260
C9585
C2826
C6348
C11556
C2415
C9599
C4703
C10317
C5140
C205
C10709
C633
C6255
C13604
C7110
C10352
C7827
C2610
C1569
C1387
C9835
C2473
C7796
C9538
C5971
C9590
C7372
C11438
C5805
C2945
C1517
C10575
C12219
C6454
C4143
C7705
C284
C12246
C5117
C3813
C2756
C7663
C5365
C6352
C11296
C11968
C10367
C9272
C420
C8525
C12285
C5006
C8372
C2511
C1681
C211
C4783
C12830
C4916
C11044
C7856
C5835
C13598
C1503
C9170
C10420
C7764
C13560
C10554
C363
C3998
C1208
C6909
C1342
C2822
C5232
C3099
C7159
C7799
C13536
C11060
C9466
C1553
C2456
C4580
C5801
C2640
C2240
C5833
C11026
C1596
C7910
C8508
C370
C6278
C7837
C8557
C6949
C11212
C7038
C471
C1739
C9761
C12311
C12355
C5639
C4504
C11343
C1184
C8281
C2958
C7862
C9461
C9378
C1398
C12106
C4720
C3689
C1978
C4409
C13597
C4898
C5046
C4610
C4371
C5339
C7151
C6473
C4826
C9153
C11017
C1786
C2324
C12728
C8629
C1764
C10314
C6928
C2157
C2695
C7775
C12754
C12228
C2083
C6952
C1735
C7669
C2963
C11233
C8441
C5018
C4900
C6145
C6261
C1749
C2464
C7759
C2004
C4709
C12784
C7956
C3820
C13614
C1409
C9618
C847
C35
C2370
C12245
C13216
C12103
C7735
C13800
C13666
C5926
C9595
C5738
C4530
C10808
C11692
C2636
C12996
C5735
C2599
C8343
C5821
C13812
C3084
C10698
C12440
C4503
C2544
C13495
C8344
C4410
C190
C11654
C1364
C1159
C2423
C12233
C13595
C8327
C5824
C4002
C9151
C4721
C3080
C6592
C2926
C13575
C4402
C7383
C7821
C10395
C13660
C8481
C5963
C12549
C12002
C9832
C8609
C792
C7018
C11915
C11293
C5134
C2249
C9568
C12436
C3088
C1445
C8260
C4691
C13807
C8596
C11519
C7657
C7379
C1183
C3032
C4484
C3378
C8524
C8935
C332
C12732
C11985
C235
C4582
C12229
C9608
C12541
C6239
C6488
C10706
C12218
C1394
C7854
C13789
C12799
C10433
C5019
C4772
C2053
C534
C13665
C13340
C6346
C6470
C3076
C3631
C2771
C7812
C4776
C1408
C6771
C9196
C6144
C4023
C8442
C10895
C1500
C6954
C8350
C2255
C2208
C1580
C3582
C13498
C1388
C7797
C4931
C4153
C8052
C13539
C1181
C7793
C5980
C10789
C7675
C5114
C7373
C13861
C6679
C2568
C9625
C6615
C11550
C2445
C12121
C4752
C4601
C2139
C8050
C8521
C8048
C8103
C8024
C3063
C10612
C9759
C7955
C817
C13200
C5071
C2999
C2959
C11522
C4689
C4407
C4647
C6468
C3807
C8546
C1374
C2573
C2491
C13368
C3151
C13653
C8072
C10696
C3633
C8518
C10348
C9754
C8261
C9539
C1377
C10146
C2248
C2611
C7156
C13717
C3821
C2483
C10534
C5784
C8013
C6565
C6407
C6545
C10661
C2246
C6230
C10738
C12796
C2635
C7800
C5020
C4139
C2346
C11452
C170
C9570
C2007
C4999
C3996
C6521
C583
C38
C12004
C8003
C50
C11059
C809
C9208
C9598
C9707
C2764
C9438
C6118
C7763
C7535
C3965
C638
C7948
C6238
C8098
C1766
C13622
C8775
C5060
C11384
C5033
C161
C11700
C10358
C9162
C5271
C8418
C618
C1508
C302
C6027
C12188
C13534
C6578
C9576
C10093
C11708
C9171
C589
C3810
C4150
C3589
C11209
C4920
C5822
C9577
C2851
C270
C1839
C1169
C4917
C8495
C1496
C5337
C11386
C10743
C5975
C4465
C12124
C8473
C10662
C13552
C12827
C7045
C10434
C11221
C3954
C2924
C9165
C9549
C9202
C5988
C3081
C82
C413
C4011
C13798
C2160
C10288
C10610
C5752
C10386
C9394
C6256
C7046
C3971
C3688
C3388
C1083
C9765
C4779
C13659
C12226
C5723
C2607
C12963
C7935
C2359
C4373
C1188
C9592
C2988
C2700
C231
C3966
C193
C417
C5017
C7942
C10647
C7282
C10569
C2052
C9205
C11965
C5725
C7720
C12967
C6824
C252
C5197
C309
C3684
C12953
C5798
C1522
C9762
C7865
C8593
C13551
C5013
C5983
C5816
C3227
C1052
C4740
C10533
C3636
C1513
C7998
C3858
C6293
C8325
C3015
C2480
C6995
C8201
C12437
C10394
C10359
C7175
C12782
C4717
C13906
C4679
C10639
C4597
C8371
C6435
C13491
C13662
C6288
C7515
C7040
C13624
C10678
C34
C12192
C9579
C2532
C7807
C10345
C13803
C4112
C368
C5332
C8367
C323
C5139
C2454
C5977
C2230
C6369
C2245
C647
C261
C5362
C4985
C9572
C4021
C11018
C13337
C1537
C5491
C11980
C11448
C10214
C2953
C13663
C12349
C4403
C13867
C1608
C2985
C1578
C8633
C9760
C7945
C8322
C10253
C6772
C8943
C1552
C10133
C10732
C5072
C3634
C7152
C8555
C1066
C7036
C5785
C10248
C4705
C11295
C4639
C2711
C8339
C2399
C10786
C11711
C6807
C9596
C4141
C8623
C1585
C6427
C6599
C10821
C8669
C3630
C10237
C7118
C383
C460
C5043
C2991
C5021
C7946
C4986
C10916
C6370
C2839
C1505
C4617
C2597
C13796
C4470
C6437
C10685
C2250
C8618
C8635
C12221
C10312
C13876
C5118
C5966
C7765
C13589
C1574
C11888
C2572
C5111
C1497
C10683
C245
C3941
C9750
C2461
C12500
C4482
C2600
C2846
C7749
C1054
C6464
C2987
C8274
C11289
C2489
C11653
C6176
C7820
C11655
C3423
C8114
C10411
C3382
C2239
C11244
C6822
C13894
C7851
C4879
C12602
C7185
C13567
C3958
C11539
C6406
C12035
C5001
C9767
C11215
C10777
C3960
C3598
C12836
C475
C405
C10697
C8459
C7694
C7953
C11559
C4785
C7376
C746
C6713
C7771
C13607
C70
C11232
C8636
C2462
C9496
C7651
C6765
C2990
C4883
C6444
C8112
C4368
C10555
C7991
C7777
C4670
C12232
C401
C7553
C5826
C3682
C10926
C4595
C473
C6125
C1088
C13574
C7189
C9751
C2954
C12438
C9619
C11243
C4111
C13193
C8643
C10327
C5147
C13689
C8994
C7936
C2928
C8490
C1103
C3037
C8545
C13619
C6509
C7184
C4515
C7943
C313
C3997
C8487
C10716
C9714
C8400
C296
C9600
C5539
C8671
C4996
C1743
C4771
C13608
C13879
C2361
C5540
C2238
C8006
C7664
C1100
C5364
C7721
C6680
C2534
C9462
C421
C11450
C610
C6789
C6720
C2667
C10396
C3087
C7655
C10642
C12545
C4777
C3635
C3797
C2952
C2371
C4473
C8944
C13905
C6982
C12113
C2878
C3692
C9578
C7086
C8980
C11709
C10551
C2526
C7661
C3690
C10615
C13664
C1082
C4598
C5068
C12744
C7860
C2209
C6225
C1370
C11057
C8945
C10284
C12389
C7533
C11220
C532
C2073
C10776
C10414
C5044
C8016
C6405
C11918
C8462
C1446
C11520
C12959
C8460
C13345
C7816
C12987
C7513
C9269
C221
C4715
C6123
C3017
C3992
C8452
C158
C1704
C10232
C4592
C11298
C5342
C4006
C222
C13370
C3381
C1380
C8338
C9285
C5590
C11407
C1558
C9776
C12353
C5820
C4714
C11456
C9263
C1161
C6642
C1527
C1163
C2322
C13707
C12805
C11558
C3907
C10228
C4643
C4217
C2956
C8272
C12542
C7671
C2347
C1579
C9169
C8960
C5694
C3979
C13336
C12749
C3409
C203
C1404
C1680
C13573
C2515
C11063
C243
C616
C196
C10748
C4712
C8118
C1483
C10109
C9154
C10788
C4729
C4690
C4918
C12832
C266
C8336
C3963
C6951
C8363
C59
C3434
C13198
C402
C4105
C10235
C6616
C6453
C10249
C2363
C7430
C6219
C11557
C7176
C157
C6773
C5783
C11451
C5930
C3959
C4895
C10097
C1101
C10154
C320
C12498
C13609
C12352
C4611
C2773
C12384
C8275
C6222
C592
C12780
C4027
C13577
C476
C1771
C4710
C2225
C298
C3872
C2500
C1516
C6627
C4919
C12194
C4993
C7177
C5080
C6762
C12797
C5235
C9557
C10371
C5076
C12185
C10250
C4781
C461
C11912
C3696
C2348
C10787
C13811
C10332
C2725
C11238
C8277
C2842
C344
C13704
C3132
C13278
C9406
C8370
C9966
C152
C2942
C12550
C6254
C13566
C13296
C9203
C9748
C452
C11536
C9620
C2763
C6506
C10929
C6766
C2180
C10807
C7658
C4739
C3977
C12209
C1191
C4686
C1851
C3620
C7316
C5063
C9155
C4780
C10900
C4954
C13559
C9565
C12753
C5248
C13631
C7006
C7030
C11706
C4749
C7739
C11984
C13600
C11908
C13673
C5546
C2893
C6431
C8975
C11554
C11356
C2566
C5588
C6510
C1568
C201
C9427
C8470
C409
C311
C12254
C8594
C12026
C6581
C9284
C1162
C6447
C8007
C7811
C2434
C2637
C6676
C9996
C10291
C9283
C9560
C2501
C10641
C13713
C2843
C13605
C12252
C9463
C4478
C74
C198
C12281
C12730
C12957
C11562
C7088
C5836
C8637
C9390
C8422
C13295
C11242
C2307
C13768
C2819
C1337
C4784
C7792
C5517
C2315
C8472
C1267
C6609
C12804
C2540
C6511
C8374
C9391
C2349
C1504
C13505
C11910
C8934
C2577
C10430
C5340
C7178
C4648
C7752
C12135
C5547
C12253
C4158
C1528
C12702
C10870
C1682
C319
C7768
C8691
C10927
C8672
C4762
C7042
C3435
C10616
C124
C6465
C2323
C6520
C2345
C10222
C4579
C10794
C3934
C6594
C2596
C5585
C3974
C12843
C13671
C7952
C10790
C7939
C7732
C2574
C4149
C9584
C10101
C8366
C8419
C12250
C10432
C11360
C1474
C3695
C10925
C3984
C10241
C7719
C3100
C12965
C398
C2244
C11657
C13639
C11567
C5842
C10733
C3812
C11527
C11434
C7552
C4349
C4744
C4218
C3619
C3376
C8782
C7748
C4767
C9831
C9613
C6491
C1093
C9533
C11020
C12964
C10795
C11882
C11561
C12377
C11696
C5048
C8245
C11294
C4769
C12230
C4982
C1021
C8102
C4142
C9622
C7779
C2853
C2712
C10907
C3104
C8614
C10427
C7186
C11016
C1053
C12125
C9564
C5803
C3621
C4750
C10375
C10324
C9164
C10221
C12392
C8641
C13514
C1197
C7121
C10229
C10699
C220
C4600
C12216
C8136
C10730
C10426
C10656
C8937
C10673
C8642
C7514
C582
C3936
C10728
C9156
C8553
C10416
C5377
C6344
C10913
C160
C9237
C6987
C12491
C11046
C13667
C31
C11347
C5514
C4102
C6469
C13714
C9615
C5159
C12284
C11886
C9444
C12249
C9742
C2340
C1198
C5379
C9756
C7808
C4262
C10611
C5229
C4138
C9583
C1106
C7733
C79
C8515
C11245
C9271
C3093
C2696
C9708
C2585
C8993
C5047
C12214
C4374
C2339
C12243
C264
C7737
C780
C8529
C4605
C12133
C9270
C12197
C1565
C4001
C11884
C7549
C13797
C13877
C10930
C384
C8512
C11214
C8454
C7785
C9198
C5794
C10244
C12397
C10030
C1264
C12914
C236
C13634
C1698
C6892
C8421
C195
C13719
C12610
C8321
C123
C1212
C13554
C7906
C11500
C6351
C2312
C579
C2604
C12345
C6236
C5967
C8019
C5593
C1213
C10328
C6826
C8478
C12266
C5469
C2354
C2950
C2634
C167
C11691
C13506
C4474
C11048
C5839
C9266
C12044
C4616
C13657
C6146
C2332
C10333
C8251
C166
C4980
C13880
C5837
C11045
C1386
C8568
C13709
C12921
C13294
C9554
C3685
C10781
C5594
C10710
C12697
C11052
C5471
C5223
C3853
C11402
C364
C11525
C12100
C2552
C6345
C8246
C8020
C214
C5136
C3818
C1067
C9829
C12007
C4151
C10793
C2227
C125
C10746
C12609
C5740
C5515
C934
C5266
C7032
C3606
C265
C6906
C13507
C11027
C1519
C5079
C3102
C13656
C322
C12837
C6177
C11216
C11981
C2767
C314
C8155
C2981
C7704
C2360
C10429
C2191
C11239
C11537
C7690
C9711
C12202
C4958
C7835
C6291
C2941
C9439
C2351
C10703
C11710
C8399
C3956
C434
C436
C13902
C2405
C12801
C8615
C1372
C1554
C11712
C8138
C12274
C11862
C12571
C9397
C482
C7431
C1099
C12105
C7665
C255
C7746
C9990
C8132
C5374
C2722
C10687
C5039
C2505
C2939
C10896
C824
C6287
C12117
C7000
C11528
C12195
C13256
C9550
C2847
C10694
C6492
C8496
C784
C10650
C10617
C9597
C4147
C60
C13564
C6364
C1095
C3795
C12752
C3990
C12159
C10655
C11234
C13703
C8116
C10344
C1756
C8941
C8051
C6927
C12399
C10645
C2927
C7654
C2080
C267
C7149
C7672
C2499
C2081
C2579
C12207
C2314
C5825
C7191
C9706
C2308
C4004
C12840
C153
C10831
C10692
C2825
C6226
C13890
C11705
C2940
C1710
C12791
C3373
C12283
C1576
C2998
C12798
C8464
C7155
C10910
C8100
C345
C631
C9376
C2809
C8002
C13546
C171
C1512
C9566
C2995
C6467
C5030
C9529
C7836
C2749
C12890
C6519
C11972
C17
C4136
C2719
C11555
C3385
C5247
C10279
C2553
C5010
C13613
C10806
C2821
C13499
C8358
C3691
C7467
C2365
C2709
C12544
C9993
C593
C2356
C5051
C9207
C9586
C7814
C2609
C11523
C13718
C7986
C11021
C4988
C8121
C6913
C1908
C192
C5851
C13875
C8554
C13647
C2966
C6483
C10326
C2018
C8243
C13618
C251
C10286
C6403
C10362
C312
C7992
C5533
C13715
C366
C8023
C3978
C7702
C7950
C8073
C39
C8527
C8139
C10374
C9167
C2666
C10663
C5678
C6516
C9191
C2372
C2151
C4979
C2154
C4467
C4766
C3237
C168
C5195
C5984
C11231
C1199
C8990
C11695
C13516
C849
C8991
C2535
C3590
C2720
C3401
C9757
C6662
C7788
C13720
C13893
C1780
C4221
C5841
C798
C2718
C12368
C4589
C5541
C13195
C5840
C6439
C5028
C2933
C7154
C12279
C1582
C2152
C188
C2430
C10570
C2150
C4104
C12806
C10832
C5064
C7782
C5027
C2916
C13892
C4706
C12944
C1478
C7466
C2930
C3160
C7853
C1160
C11455
C7766
C12829
C1259
C4225
C8398
C8620
C5929
C279
C2398
C7731
C12363
C7468
C3251
C11387
C9166
C2433
C2518
C13538
C388
C3822
C12698
C1529
C2228
C2812
C215
C6443
C1748
C12186
C3133
C2918
C3419
C2490
C3627
C838
C12166
C11065
C3380
C13654
C13509
C3094
C10384
C121
C10578
C617
C1751
C4170
C840
C8957
C4950
C2606
C1058
C159
C13804
C8453
C8964
C7787
C2527
C12955
C11061
C3981
C4155
C2325
C9593
C6458
C9904
C2994
C2691
C1351
C219
C10782
C1511
C11702
C622
C3632
C11690
C16
C13501
C3975
C11543
C9531
C4701
C845
C11760
C12267
C2539
C12705
C5807
C9747
C5743
C5003
C12993
C10688
C12388
C6916
C13799
C204
C8979
C12271
C10909
C348
C7819
C12187
C210
C7109
C3600
C839
C2690
C7551
C8451
C10778
C2601
C5376
C4680
C4148
C8942
C2934
C2931
C2357
C8133
C2850
C11616
C8021
C3951
C4700
C8780
C12383
C13535
C6171
C11240
C2167
C12160
C2889
C9715
C2983
C10428
C10364
C10779
C7784
C2721
C11067
C615
C12999
C1540
C3105
C4649
C7161
C3950
C6579
C9377
C2463
C1468
C4915
C10784
C4348
C10835
C3134
C8401
C13661
C1092
C10550
C5925
C3096
C6504
C6517
C1561
C11553
C7697
C7988
C9172
C6593
C5331
C13508
C2231
C13688
C4730
C4698
C13625
C5696
C11022
C12169
C12162
C603
C7008
C12991
C4638
C8365
C2992
C11860
C2210
C10668
C11404
C6608
C10319
C5218
C5007
C11717
C2193
C8439
C397
C8483
C4527
C5361
C11218
C5724
C10676
C3663
C11344
C7824
C3819
C9262
C1094
C11268
C1755
C4913
C13617
C3601
C2428
C8516
C13637
C6277
C5834
C12995
C200
C8131
C5236
C1859
C5849
C1928
C3386
C13587
C10618
C7150
C11287
C8486
C2182
C2919
C13628
C12990
C10689
C2538
C2938
C13384
C2192
C7822
C9268
C9573
C12001
C8471
C5228
C8777
C8639
C9261
C1069
C2984
C12278
C2316
C9193
C1518
C11449
C6626
C4707
C10095
C122
C12006
C5795
C9537
C6821
C4602
C6289
C6224
C13492
C2410
C10035
C6235
C4110
C7034
C5122
C2704
C4479
C13790
C7728
C7940
C8259
C36
C223
C228
C11975
C8551
C791
C3375
C5972
C13215
C3379
C3874
C5124
C13580
C10368
C12493
C10712
C10670
C81
C5162
C3709
C10285
C9567
C7754
C7762
C12096
C3009
C7085
C3034
C7989
C7858
C12961
C9465
C4912
C2804
C6948
C1091
C4003
C9623
C10651
C12450
C8605
C3097
C2792
C1538
C10218
C4748
C8565
C2793
C1405
C13493
C9743
C5022
C13891
C6956
C10682
C1182
C8135
C7378
C4683
C10390
C9542
C179
C1781
C5254
C5538
C7693
C7803
C9544
C2414
C7041
C7744
C1572
C12540
C11437
C8933
C10292
C8412
C4350
C12835
C8022
C9168
C3962
DieB 9029
C12868
C11902
C5113
C13327
C4968
C2047
C6525
C6864
C12674
C5098
C3774
C748
C3213
C4559
C1854
C9240
C1475
C6897
C98
C133
C966
C5772
C4365
C9853
C5317
C8970
C3292
C13179
C7286
C9080
C7313
C6104
C9111
C1204
C4038
C4248
C13773
C4627
C10799
C9876
C13834
C4890
C7519
C7497
C3865
C3781
C13726
C10052
C7319
C5731
C7387
C3719
C4857
C7966
C13470
C9299
C5411
C11226
C1842
C1457
C8791
C4234
C1449
C1303
C7231
C7926
C13743
C3146
C8585
C11928
C10995
C10445
C6272
C8225
C2783
C9925
C6002
C10191
C5759
C1429
C6422
C9888
C7487
C6677
C12180
C3453
C4797
C6655
C1880
C3427
C13833
C11843
C12756
C3607
C9400
C1
C588
C11076
C8913
C3710
C560
C13161
C5472
C3718
C13822
C6549
C2035
C5896
C8505
C10860
C11306
C2387
C1201
C4344
C3417
C4860
C9877
C3882
C11926
C1730
C9982
C13334
C3840
C5568
C2101
C13851
C7304
C11325
C3791
C1217
C6
C1917
C4884
C3604
C1494
C11482
C11869
C5644
C1350
C4806
C7331
C5150
C1991
C3863
C8764
C6054
C5407
C1007
C10528
C1361
C4122
C3354
C8223
C6907
C6397
C10061
C1728
C6191
C12758
C3487
C13026
C10297
C11841
C6037
C9874
C2677
C3164
C1369
C8255
C4314
C146
C5985
C8394
C13108
C4077
C13835
C2656
C425
C13517
C10952
C12907
C10511
C8211
C2122
C5757
C3893
C12341
C12613
C7215
C9086
C10300
C9211
C5031
C12318
C13234
C4338
C5168
C6684
C3219
C4329
C2887
C10067
C6103
C92
C8297
C380
C13253
C5324
C7144
C9880
C6564
C4123
C9371
C2404
C11953
C6392
C1823
C3447
C14
C1271
C6962
C12320
C12630
C7223
C13322
C12701
C3137
C11815
C326
C6415
C3740
C7638
C4444
C7895
C522
C4837
C3615
C394
C6903
C11668
C5191
C13448
C12331
C8000
C2063
C7113
C5451
C9664
C2788
C3881
C4261
C4125
C8149
C2012
C641
C9637
C3323
C9785
C10018
C1827
C1692
C4858
C1464
C3901
C9124
C9632
C464
C4661
C7243
C11134
C1801
C4242
C2815
C8169
C3848
C6377
C13418
C7602
C708
C6689
C5391
C10259
C10522
C115
C6874
C6135
C10005
C6539
C7643
C11265
C4630
C8436
C5141
C11590
C272
C11259
C12511
C4413
C9657
C2108
C7217
C1397
C13304
C2706
C6533
C8681
C5355
C8898
C7962
C7400
C1124
C6326
C3739
C11935
C12303
C6401
C9281
C7197
C5059
C3043
C2379
C10181
C2290
C3778
C11548
C12648
C7366
C991
C10559
C4554
C7421
C2904
C7846
C6308
C13231
C13288
C11442
C3899
C9429
C13863
C1726
C10196
C13363
C9006
C2630
C13395
C3157
C1810
C5875
C5991
C7959
C10055
C8501
C11339
C4455
C4856
C3288
C9448
C9433
C10924
C8702
C6305
C1266
C10974
C5756
C3924
C553
C4278
C12672
C9137
C5496
C10273
C3257
C11853
C3410
C11573
C4798
C8054
C1158
C1947
C760
C12808
C808
C8142
C10200
C6114
C9128
C2436
C2135
C6085
C9658
C4226
C2874
C1939
C1646
C4804
C9435
C2033
C9663
C8088
C10922
C891
C10009
C12088
C9234
C12300
C1931
C1226
C5319
C10586
C7128
C9116
C6942
C10439
C4965
C11149
C6021
C7318
C13464
C10587
C8311
C9935
C508
C10486
C11113
C11079
C6746
C3491
C13150
C8238
C12239
C13846
C7495
C2619
C12560
C3577
C6733
C10023
C12496
C6317
C9054
C12057
C496
C4521
C6199
C11576
C11251
C10877
C8873
C3859
C10520
C8391
C9726
C4305
C3212
C13471
C1382
C9945
C1965
C4760
C6555
C1301
C3511
C10762
C4330
C8383
C13298
C12817
C6668
C3260
C12869
C11184
C710
C7312
C3498
C10264
C1448
C7288
C4098
C2903
C3847
C12479
C12497
C13088
C3496
C12256
C180
C3468
C999
C6941
C3092
C12976
C10198
C5632
C13820
C695
C4097
C6815
C9634
C8684
C11040
C172
C11784
C7598
C8707
C9338
C8406
C5490
C9645
C9179
C3281
C9182
C9344
C5628
C4194
C11932
C7063
C9048
C3222
C3742
C2178
C5084
C6843
C5309
C10530
C11769
C9581
C11036
C9780
C7829
C11148
C5408
C134
C11153
C1490
C2790
C11990
C6678
C10008
C5616
C7621
C1977
C502
C11200
C7488
C8758
C5668
C10984
C12977
C7543
C7416
C12020
C2867
C3221
C13730
C13222
C9290
C7916
C11309
C7847
C10460
C1675
C9580
C8356
C6214
C4537
C3414
C7576
C10819
C5552
C10049
C6861
C1307
C10994
C8498
C8315
C6633
C3712
C4424
C11583
C5882
C12948
C7873
C13422
C4805
C1224
C12866
C2267
C3072
C4922
C5174
C1155
C6853
C8951
C13700
C4494
C1440
C692
C10606
C5933
C6800
C8032
C6421
C5389
C8748
C7974
C11798
C3266
C13696
C12128
C5658
C5441
C4864
C12870
C13359
C9104
C3191
C6165
C5202
C3612
C687
C3803
C3303
C7213
C12335
C9361
C2075
C8437
C11137
C1354
C2486
C5446
C8801
C1450
C4949
C8289
C2226
C340
C4944
C13408
C2057
C11575
C5572
C3731
C13453
C6632
C7919
C9646
C7518
C4085
C1024
C6319
C3424
C8668
C6445
C385
C1911
C10084
C10604
C1140
C11961
C4198
C7628
C7256
C6217
C5143
C7688
C427
C3002
C4364
C3676
C18
C2089
C3789
C7207
C3185
C1944
C10074
C10450
C7337
C9421
C13885
C12709
C5444
C4561
C6497
C7886
C10564
C7268
C1153
C11684
C4296
C1858
C13086
C10948
C2059
C2645
C5952
C10690
C10768
C1205
C186
C9184
C938
C1641
C3048
C8602
C6186
C2627
C8298
C6751
C5260
C9110
C12176
C12675
C11817
C1323
C9413
C5105
C10408
C11228
C5313
C3898
C11955
C2233
C705
C6141
C11348
C1820
C12714
C7477
C969
C456
C10339
C5485
C5941
C3505
C1869
C11944
C8912
C6535
C13522
C6639
C12093
C3268
C7139
C6046
C7076
C6205
C5276
C962
C2669
C9477
C3425
C9038
C4386
C13475
C7104
C13761
C10087
C1790
C5769
C7350
C11366
C13849
C7530
C2125
C4421
C9248
C13530
C660
C12943
C4439
C7341
C6873
C5905
C4811
C4238
C855
C12060
C4754
C4799
C8213
C11369
C2054
C6683
C13683
C11124
C5089
C11837
C8390
C143
C1906
C3711
C5381
C7635
C10529
C9275
C9685
C1812
C1047
C6881
C3325
C7301
C2385
C8954
C9022
C12140
C11830
C9974
C7196
C13076
C2211
C8506
C6723
C3647
C4875
C8504
C13425
C9845
C8679
C13724
C644
C7285
C4392
C9457
C9052
C3637
C1415
C5777
C6208
C9768
C12076
C4569
C13019
C4795
C7972
C10043
C12394
C6340
C10383
C10527
C2176
C927
C12130
C8184
C2194
C8502
C9820
C2784
C3868
C13241
C13393
C3206
C701
C1602
C5692
C11777
C7290
C689
C11931
C1151
C7999
C6996
C5366
C3787
C943
C10449
C2744
C5599
C12321
C7238
C2141
C10541
C1249
C8682
C448
C651
C8178
C4313
C2099
C5209
C12054
C1998
C11940
C3653
C11636
C7340
C10546
C4397
C10518
C2859
C3068
C12662
C11253
C4563
C1442
C13531
C9214
C10566
C6561
C11275
C3312
C8790
C13246
C12462
C10457
C12475
C11789
C13465
C13139
C7984
C4828
C5857
C7888
C5481
C12937
C5308
C1606
C7114
C3448
C6283
C6589
C10804
C3348
C2061
C10631
C2658
C2130
C2097
C12262
C754
C1227
C7633
C4074
C12642
C11341
C13438
C13331
C5950
C433
C8093
C4872
C2811
C9848
C1130
C10509
C11312
C13777
C1918
C6782
C1347
C4322
C10406
C9839
C8307
C13756
C8750
C3744
C7914
C6636
C3239
C6196
C7918
C4486
C11034
C12724
C6000
C7557
C441
C812
C1706
C11754
C7356
C10548
C2188
C9451
C12030
C11661
C4755
C5294
C4560
C5906
C564
C6660
C12417
C12205
C12598
C13744
C6857
C7493
C513
C2284
C8314
C446
C9097
C10452
C13221
C8378
C4544
C7902
C11399
C10478
C9408
C5382
C5946
C12365
C1482
C957
C9129
C1620
C13090
C12372
C1909
C1020
C8731
C8917
C4975
C7172
C5707
C11313
C2301
C3666
C5649
C12374
C9883
C12293
C178
C9863
C586
C3183
C9064
C6646
C3730
C4438
C4051
C4813
C3553
C1975
C3762
C12658
C722
C7146
C1318
C10127
C1870
C7426
C12287
C712
C837
C8561
C8835
C11631
C6314
C6966
C6137
C4277
C13355
C6187
C13009
C4174
C3639
C7264
C11618
C12081
C4343
C13484
C13348
C868
C9701
C10077
C11189
C10205
C1078
C955
C4302
C11609
C5720
C2590
C5350
C8163
C9520
C1954
C7411
C625
C7623
C11337
C9783
C4735
C277
C6250
C56
C101
C1119
C7409
C2112
C5953
C5686
C9964
C5555
C1763
C3733
C1853
C3333
C6330
C2633
C8316
C10141
C4567
C3673
C8570
C4812
C4453
C9977
C11013
C2969
C11739
C9787
C5421
C13882
C8865
C3862
C5654
C10886
C8661
C3394
C8097
C8080
C6162
C3556
C5655
C3805
C9016
C5455
C6384
C4456
C7611
C9723
C12617
C5614
C6310
C3392
C9305
C2145
C1113
C9243
C4099
C1885
C3760
C10842
C6699
C12309
C11899
C524
C8407
C3162
C1648
C11368
C2204
C13187
C5489
C3913
C7566
C9493
C8257
C3242
C3741
C10753
C1305
C11255
C13036
C489
C1200
C13826
C9136
C711
C7141
C2680
C12622
C12142
C12646
C9675
C4120
C4040
C9937
C662
C3455
C6092
C2639
C3300
C8997
C10470
C4937
C1027
C2298
C4911
C10010
C6051
C12877
C13029
C5526
C10442
C9905
C9183
C7436
C3520
C8656
C4118
C173
C7165
C12222
C10469
C2202
C10382
C5439
C9330
C4800
C3304
C2971
C7315
C1079
C1811
C3332
C11261
C9892
C5199
C6477
C10377
C11
C10759
C6100
C7132
C530
C11120
C7923
C10488
C12969
C3851
C10933
C10304
C107
C5413
C10338
C8426
C1251
C4859
C13682
C4939
C3158
C55
C10848
C3458
C8151
C1736
C5198
C6810
C11363
C11502
C9505
C11979
C6241
C13318
C12919
C9984
C1588
C3726
C2085
C140
C11140
C7593
C9873
C6134
C7244
C7403
C13489
C9688
C9938
C6921
C3701
C13869
C4208
C7977
C13089
C9122
C318
C10960
C6333
C1108
C12308
C4496
C9074
C11109
C11302
C3547
C3470
C3562
C3320
C8427
C3985
C2977
C4976
C7544
C7609
C4259
C11738
C6202
C6423
C4113
C2309
C1980
C12930
C257
C9174
C13106
C5888
C5177
C12313
C2402
C2678
C912
C9117
C1651
C672
C10949
C7095
C5478
C2098
C13329
C3721
C9333
C4033
C3129
C9929
C9476
C9047
C10544
C5428
C10012
C13374
C8716
C5687
C11260
C2104
C12823
C2837
C5093
C10862
C5879
C5401
C8304
C6072
C7845
C4417
C2067
C181
C1758
C1946
C1677
C679
C11342
C5399
C4328
C6441
C13466
C12073
C11546
C13312
C7229
C13412
C8851
C2407
C8947
C12486
C479
C2835
C10145
C13402
C3914
C8313
C5171
C10955
C12582
C5665
C4578
C7142
C7640
C1687
C1877
C6847
C3715
C2093
C2296
C6790
C4069
C2751
C4974
C3528
C609
C9220
C10985
C6385
C2103
C4045
C928
C12442
C1884
C4394
C1000
C10608
C11614
C9000
C3001
C11469
C7601
C998
C6192
C13178
C13490
C1150
C11626
C2649
C5437
C11195
C9292
C5465
C11987
C12536
C9446
C4807
C11648
C12481
C9815
C12078
C484
C8303
C3479
C3903
C3229
C2679
C12738
C13180
C4339
C7212
C11492
C7685
C13350
C6004
C10770
C8387
C7424
C3469
C5057
C4432
C1275
C6013
C7233
C9808
C10044
C11374
C6063
C4179
C12144
C8105
C10257
C11102
C2218
C290
C13172
C5253
C5559
C9725
C5663
C4275
C10946
C7310
C4202
C3243
C4064
C13760
C12291
C12661
C10104
C11776
C858
C744
C6315
C9043
C8269
C2217
C8808
C4787
C3170
C2745
C10064
C9121
C2670
C5749
C653
C1892
C2683
C4089
C2396
C12721
C11839
C396
C4287
C6559
C11624
C11663
C328
C3573
C7897
C1436
C7494
C9684
C12324
C6215
C1295
C4048
C5935
C3175
C3113
C1411
C2065
C54
C1592
C9988
C1229
C10206
C880
C4379
C454
C12178
C4736
C13488
C9704
C4498
C1122
C11877
C1051
C6501
C4205
C563
C963
C325
C4566
C1010
C1335
C2615
C13218
C12896
C4871
C11188
C4050
C4117
C13116
C11327
C13146
C6312
C2076
C5827
C9942
C3580
C10504
C9487
C1642
C6463
C13394
C2291
C5877
C12065
C570
C8845
C75
C13027
C12794
C6316
C93
C3245
C2736
C8432
C6094
C8503
C12776
C909
C7284
C6394
C13755
C8128
C1154
C913
C13267
C9099
C9930
C4247
C10857
C9851
C11247
C9909
C10524
C566
C9416
C11620
C7074
C3065
C6649
C9407
C4215
C4241
C4279
C10210
C2737
C4333
C11671
C4477
C8064
C2753
C467
C94
C2571
C2256
C5927
C10135
C3870
C10921
C3168
C6875
C9738
C4288
C5881
C9513
C1723
C3166
C10435
C12583
C7641
C12678
C4948
C6093
C13397
C12395
C1239
C892
C5405
C569
C11946
C9033
C5258
C5674
C4832
C5615
C13072
C8787
C1177
C1995
C7266
C5532
C13189
C12019
C10953
C9337
C9875
C2378
C9949
C7524
C6863
C7592
C7145
C11941
C4801
C1480
C1321
C10461
C923
C11429
C3527
C6006
C898
C12428
C11015
C12537
C917
C4454
C6776
C12614
C10105
C7414
C8236
C410
C1109
C9973
C9869
C3201
C5286
C9481
C4475
C12427
C10006
C10847
C11880
C10970
C182
C1724
C5092
C3790
C7521
C11471
C483
C5245
C7833
C3220
C13729
C45
C9008
C10466
C12931
C3196
C12878
C8895
C13268
C11497
C6967
C7242
C463
C13144
C11484
C12638
C1412
C9130
C12657
C12087
C5458
C5831
C4165
C2447
C1769
C12660
C13469
C9786
C8725
C9501
C6931
C7900
C879
C11621
C1923
C3571
C10120
C2735
C5645
C1175
C6552
C13245
C7967
C10122
C11354
C9893
C5083
C11362
C3238
C1495
C6568
C3616
C9131
C10565
C3459
C2107
C5464
C3518
C3565
C4695
C8172
C881
C10850
C2144
C12509
C12640
C2475
C4786
C862
C3342
C5087
C5203
C11919
C6526
C6302
C5172
C1037
C29
C12941
C11170
C12131
C1916
C5383
C7275
C13526
C2827
C8715
C6523
C8667
C5551
C3144
C12871
C8819
C4057
C6634
C11358
C12306
C6417
C12684
C8196
C12047
C9665
C1960
C3538
C11249
C4548
C12558
C7555
C5289
C5261
C11423
C2094
C3510
C12458
C771
C8096
C13055
C2888
C6744
C13049
C13127
C12688
C12716
C8742
C4908
C88
C3772
C4310
C11850
C12736
C4619
C4517
C7392
C11592
C2663
C3124
C9689
C1044
C3490
C2547
C5768
C6062
C5101
C12590
C9891
C9277
C11361
C3610
C13544
C13124
C10588
C1822
C1985
C12487
C4352
C8158
C2752
C13155
C11588
C4167
C4378
C9958
C2723
C11625
C7260
C4134
C8890
C12637
C5710
C8757
C724
C5506
C5689
C13690
C11131
C832
C8918
C1257
C3678
C2593
C976
C8174
C1691
C12595
C10302
C6935
C1002
C13403
C3948
C11574
C9118
C3569
C11842
C6785
C8856
C9363
C8345
C10515
C12687
C2044
C8658
C559
C10903
C12525
C6498
C6844
C13888
C9226
C12175
C1658
C11334
C13153
C6418
C13699
C5786
C3209
C9734
C5936
C4186
C3058
C6672
C10080
C8499
C11827
C5855
C6001
C2834
C13160
C4301
C9541
C8335
C9301
C7876
C7255
C4070
C4032
C2778
C8210
C8171
C5859
C5903
C13319
C316
C9940
C10380
C3542
C6902
C8291
C12373
C12910
C576
C7927
C3397
C954
C4295
C9353
C13017
C13062
C13073
C10889
C10443
C275
C8854
C1427
C7970
C5764
C5432
C4166
C9071
C606
C8543
C105
C5501
C11994
C3471
C5633
C5670
C9132
C8732
C4571
C11432
C13746
C2863
C11746
C13782
C1357
C992
C9239
C12739
C4429
C11629
C4281
C614
C3665
C1896
C13228
C575
C4132
C7026
C11178
C8675
C6096
C6086
C6950
C932
C7070
C6963
C11370
C1955
C11897
C4289
C1317
C3722
C8086
C8045
C6322
C7455
C13290
C2665
C8996
C13174
C1956
C2124
C11814
C7584
C11596
C7062
C5268
C13219
C9872
C709
C1006
C11808
C6039
C8759
C5349
C8647
C5473
C9244
C3053
C9186
C10183
C11430
C7363
C7297
C3751
C13271
C7625
C7568
C958
C12579
C8832
C5330
C12319
C3244
C1717
C1148
C3928
C7540
C6590
C3442
C1039
C11868
C7453
C2119
C6911
C2858
C11602
C6588
C1040
C11136
C7478
C2310
C9082
C887
C9133
C1720
C13039
C2724
C3900
C8599
C11279
C6922
C10202
C1598
C13250
C6798
C527
C6335
C6705
C12459
C2011
C6264
C8041
C6022
C12508
C7597
C3716
C6304
C411
C6930
C13243
C3570
C12895
C5577
C12474
C6556
C3838
C9672
C11225
C12850
C9296
C13014
C13900
C10508
C8664
C13272
C342
C2077
C3765
C5775
C3507
C12264
C1393
C12725
C1803
C13264
C1210
C1420
C3724
C9339
C8861
C7630
C7471
C4384
C10211
C10298
C7425
C9417
C9881
C11793
C2569
C13881
C7066
C2833
C13527
C2086
C6014
C10056
C7325
C3184
C835
C6900
C10967
C12885
C13461
C10019
C7841
C7380
C1358
C13011
C375
C6386
C8882
C367
C260
C3045
C3845
C4246
C5487
C5328
C12874
C2219
C11847
C10724
C10459
C9846
C4893
C9636
C12027
C1324
C13840
C7634
C2583
C9882
C13059
C5606
C12172
C1132
C13254
C8818
C654
C12864
C10473
C443
C10266
C8579
C7968
C6142
C7073
C685
C13282
C3464
C11114
C1451
C5457
C12918
C8872
C11035
C4790
C7166
C4945
C9962
C11925
C3477
C7019
C10622
C305
C13249
C1465
C12594
C12627
C5530
C11250
C12900
C9495
C9306
C9475
C3478
C4250
C9414
C12664
C2902
C5626
C4187
C11680
C946
C11767
C9735
C12726
C11491
C9898
C2390
C11224
C11378
C10274
C1245
C3143
C5600
C144
C6841
C6115
C9699
C8736
C4312
C4235
C11615
C8870
C9364
C10593
C2641
C7335
C8044
C10194
C5406
C13060
C12241
C8923
C7168
C2732
C3006
C6884
C9519
C9426
C6040
C2129
C9737
C8084
C3551
C2715
C1485
C9855
C6299
C1902
C12502
C4270
C8268
C6055
C1425
C13858
C3646
C2672
C12847
C12416
C2117
C4385
C5182
C1874
C10208
C5732
C7473
C7642
C2220
C3823
C4244
C13328
C8231
C13126
C10858
C5920
C13417
C1957
C3775
C7976
C10547
C3771
C2795
C8219
C10039
C13031
C6673
C3648
C116
C7546
C7465
C8914
C6631
C3909
C8435
C4457
C6111
C428
C6341
C7470
C7620
C5630
C7917
C939
C1426
C12793
C1240
C447
C2787
C12849
C7482
C9212
C9518
C10166
C12314
C13041
C948
C5569
C11659
C6166
C11083
C13774
C2626
C4299
C5353
C6795
C1302
C1492
C1605
C1081
C10088
C574
C9447
C866
C13004
C8120
C7381
C9081
C1953
C12467
C8285
C1777
C10568
C1262
C13223
C1630
C11685
C13447
C4083
C607
C4230
C6569
C11371
C6089
C7556
C9039
C1852
C9127
C11091
C1254
C13170
C8379
C5290
C7226
C2000
C12062
C6698
C7686
C25
C10465
C10558
C10592
C12138
C5295
C5531
C11146
C3287
C86
C6161
C7617
C8060
C9142
C2781
C4519
C8817
C6399
C4796
C8907
C3613
C8392
C6570
C1655
C3203
C11084
C12859
C3110
C3770
C12304
C5579
C2650
C3174
C6036
C6650
C8584
C5688
C11730
C4080
C7330
C3153
C9931
C9943
C5748
C13837
C598
C3413
C9411
C6969
C11729
C7520
C11977
C12017
C7203
C3225
C12412
C7683
C4059
C2022
C7051
C13440
C3218
C4332
C13285
C3883
C2265
C8985
C10188
C8220
C10691
C11001
C893
C8837
C4161
C13446
C5131
C9818
C2560
C12561
C4263
C10108
C13872
C5563
C5302
C727
C2391
C6023
C3920
C7321
C6692
C9854
C1452
C3202
C5951
C7464
C11593
C4966
C12676
C1023
C8881
C9629
C2049
C698
C5178
C7404
C1784
C9177
C4505
C7137
C4485
C9956
C12505
C1230
C10047
C1584
C9024
C9934
C5918
C2381
C2287
C6496
C5610
C9329
C10976
C11098
C5642
C3849
C13434
C12089
C11075
C9480
C7194
C11308
C8180
C10893
C9654
C6082
C12449
C6020
C12599
C6193
C8924
C5427
C9216
C9469
C13149
C1662
C5900
C7612
C10607
C7130
C5291
C5664
C10864
C1278
C1933
C11460
C8192
C1669
C3480
C13400
C2642
C2974
C9903
C13411
C10868
C1250
C4540
C11428
C12863
C11773
C3669
C13079
C5149
C1338
C974
C5550
C8713
C5571
C702
C2289
C775
C11043
C10014
C7002
C11286
C3825
C7604
C7106
C833
C2003
C6591
C8910
C10335
C2280
C11867
C9057
C7358
C3155
C11724
C7447
C7676
C7391
C13078
C10083
C7202
C12405
C12516
C12179
C842
C8600
C6657
C2913
C6542
C4052
C9474
C8055
C12559
C13373
C956
C4315
C4659
C4361
C11958
C356
C11100
C10193
C9223
C13063
C3727
C5
C3450
C4331
C7253
C7295
C8577
C341
C4835
C9327
C8840
C5921
C6572
C3393
C1308
C7878
C6400
C10599
C6285
C11639
C7894
C7700
C11578
C4816
C8284
C12668
C1359
C12818
C11822
C11353
C10750
C807
C9017
C1695
C11778
C11074
C9912
C6644
C12519
C1339
C9914
C13132
C9311
C5243
C8130
C1112
C145
C61
C8950
C3336
C4283
C3651
C4464
C1139
C13842
C4053
C13733
C10149
C12468
C5893
C5869
C7848
C13233
C13110
C13259
C4868
C9307
C11772
C9139
C13175
C12406
C3777
C7422
C2133
C4073
C1824
C6242
C10140
C4044
C8228
C12364
C7274
C5959
C7345
C12015
C13451
C1165
C8233
C5635
C4049
C9702
C9809
C3270
C3910
C10854
C573
C1147
C10082
C1085
C867
C3732
C4577
C12452
C11381
C5940
C9720
C11089
C9409
C11355
C13307
C13753
C7083
C5241
C720
C13252
C12727
C8836
C11351
C1921
C8754
C11775
C5273
C5475
C7013
C8891
C9031
C9804
C8351
C3277
C2234
C894
C1261
C11813
C6052
C506
C4941
C6011
C9936
C6658
C5697
C3416
C8576
C51
C8300
C13263
C11143
C10883
C8001
C371
C4127
C10856
C9951
C3933
C4398
C3834
C12517
C12527
C6337
C12515
C8762
C4487
C4362
C6495
C8685
C10079
C11300
C5939
C10620
C1424
C11579
C5275
C2813
C1721
C1905
C11801
C7965
C10580
C7419
C3512
C386
C7581
C485
C3746
C1281
C6894
C6095
C7173
C4447
C526
C10296
C11923
C102
C288
C7503
C4892
C10308
C2173
C12470
C8193
C8628
C8198
C7587
C10497
C10496
C986
C5886
C2305
C6870
C7167
C11879
C12032
C7162
C11505
C2282
C12059
C12862
C6729
C5715
C8183
C6850
C6997
C8589
C3549
C11598
C11168
C6375
C5907
C915
C3299
C4078
C13028
C12733
C3522
C1796
C3204
C2001
C1272
C4840
C8333
C13163
C9850
C2537
C11610
C7047
C9824
C4311
C3484
C12317
C10623
C129
C6479
C282
C13725
C10489
C10634
C1649
C374
C1222
C9345
C1779
C1910
C11008
C5443
C4135
C2617
C2036
C12295
C5507
C12064
C9085
C3578
C13762
C13134
C3324
C571
C12069
C13742
C9910
C12821
C6758
C11352
C6979
C584
C10510
C1615
C4199
C2739
C10209
C6524
C4696
C8292
C12742
C6271
C11736
C6749
C1969
C4863
C12326
C8162
C2338
C12824
C2603
C751
C13528
C4034
C1417
C10944
C8222
C2664
C9662
C12635
C1244
C4258
C902
C10969
C706
C756
C13416
C1833
C13270
C5617
C12860
C1821
C9135
C3188
C13472
C11496
C3357
C13191
C3295
C6784
C5895
C3200
C5297
C96
C3675
C4977
C688
C4382
C12522
C4512
C11893
C7025
C90
C1825
C6493
C5466
C6573
C4910
C5954
C4276
C12325
C726
C9919
C5874
C1029
C6534
C3326
C6917
C8701
C6882
C111
C1707
C4061
C10379
C7594
C13751
C13450
C2213
C6925
C12634
C4300
C1110
C7961
C5279
C9677
C2042
C11266
C10262
C8204
C8717
C3264
C1738
C5467
C1850
C5259
C5165
C9120
C3039
C11805
C5662
C10011
C13372
C9494
C9093
C1133
C3171
C1289
C3130
C7344
C8395
C4570
C1532
C11196
C12906
C763
C12322
C5323
C12557
C6180
C11379
C10013
C6391
C12403
C7227
C4267
C9348
C11193
C13738
C6195
C9491
C8889
C1276
C10849
C10772
C5414
C1898
C6395
C2043
C5479
C4428
C10440
C426
C2828
C12288
C548
C3051
C3207
C9635
C2802
C1016
C12447
C8181
C1727
C1856
C2622
C9890
C1042
C13225
C3662
C13099
C4285
C12909
C11097
C5435
C6050
C5257
C5477
C3773
C10539
C7572
C10050
C2970
C13061
C11681
C12357
C5782
C9354
C2177
C8317
C11580
C1813
C13205
C10600
C994
C11390
C8256
C12010
C7842
C7885
C10852
C4847
C2269
C11173
C4520
C3306
C1673
C6871
C12822
C3603
C13853
C9430
C1776
C3828
C4427
C12476
C1732
C11375
C11901
C3677
C10940
C8266
C5303
C5088
C2806
C12478
C3483
C5556
C869
C1935
C1111
C2374
C6840
C4341
C13075
C9889
C6709
C6194
C8874
C4907
C5619
C8737
C3792
C9975
C11401
C546
C7957
C135
C6138
C7317
C2872
C11999
C8536
C9011
C9147
C9360
C1929
C7684
C7603
C4490
C7056
C9178
C6831
C12297
C9102
C916
C8056
C3723
C2392
C919
C11741
C677
C7169
C7298
C12632
C10479
C9789
C8719
C148
C713
C7454
C9666
C7699
C13362
C9313
C10598
C12501
C2241
C6792
C7071
C1665
C9304
C11192
C11753
C6231
C11336
C1438
C8899
C6752
C11095
C137
C9274
C10124
C12572
C4658
C6008
C10116
C8221
C3128
C13441
C908
C4201
C7441
C4418
C657
C1690
C2263
C469
C950
C543
C13860
C6109
C5396
C4633
C12820
C7287
C674
C12153
C4575
C2681
C9300
C12013
C2796
C11762
C4620
C10519
C7459
C5965
C2055
C13433
C8224
C9252
C28
C3891
C3930
C3139
C2278
C2021
C307
C91
C8871
C9358
C1674
C9695
C12091
C5280
C903
C8792
C6910
C12473
C1670
C10179
C2628
C1968
C4522
C12939
C6727
C5778
C3029
C7334
C10045
C4162
C12421
C8393
C10769
C9694
C844
C7585
C659
C7548
C11133
C5636
C9149
C13100
C5719
C12444
C11875
C10628
C11495
C4853
C12143
C3370
C12792
C12682
C2034
C5417
C1849
C7472
C561
C11786
C523
C4431
C4818
C1686
C1997
C5390
C703
C8841
C1718
C6656
C13783
C3864
C10827
C11444
C3793
C13117
C12435
C11670
C12056
C1290
C9916
C1017
C2084
C5301
C5055
C8866
C13356
C12477
C7629
C1879
C3317
C10177
C9436
C2221
C11086
C5034
C7407
C12979
C7193
C870
C6707
C10853
C395
C10629
C13445
C11038
C3075
C10802
C7613
C11118
C8182
C6770
C11934
C1971
C13226
C12136
C11070
C12857
C5026
C1711
C13065
C10180
C4930
C11096
C4662
C13772
C6339
C4836
C4387
C1180
C2266
C1401
C6207
C11763
C11605
C10004
C12882
C4869
C12532
C13095
C4972
C4543
C13115
C3641
C4886
C11577
C9724
C1848
C5773
C4336
C1246
C3650
C1619
C11003
C1097
C5560
C1215
C2629
C13138
C10595
C5897
C9915
C3031
C6372
C10902
C13056
C11248
C4269
C1355
C3056
C4509
C6184
C4334
C9680
C3156
C5634
C3890
C12950
C11723
C6558
C12342
C8919
C10863
C7125
C13204
C12628
C10178
C4552
C1689
C12261
C4291
C12693
C9009
C4280
C7081
C3463
C11191
C3030
C8402
C3614
C2816
C3363
C10517
C4068
C6151
C11431
C7300
C12935
C9349
C9176
C12094
C11761
C3283
C2746
C6595
C4525
C3506
C11012
C6947
C13747
C9671
C7389
C10798
C353
C5316
C9385
C6805
C13133
C11478
C13114
C1972
C4462
C21
C2760
C4297
C3007
C8173
C11731
C1863
C12656
C4257
C8728
C1146
C1126
C11606
C3334
C11397
C11101
C11488
C6923
C8188
C9388
C6156
C5298
C9521
C10803
C544
C2869
C7637
C10961
C5459
C7541
C7133
C11848
C6730
C6862
C5086
C3210
C11603
C8686
C12031
C8810
C5179
C3931
C354
C6197
C46
C1129
C1627
C10823
C9294
C273
C7523
C10129
C8587
C12636
C1041
C1900
C10453
C815
C4326
C7336
C6537
C9806
C6133
C13081
C12597
C6574
C3655
C1713
C6213
C11119
C3927
C857
C5053
C7439
C13069
C4935
C2786
C12301
C350
C9816
C959
C6624
C9001
C1639
C12488
C8389
C6030
C11658
C9029
C5989
C11007
C719
C11634
C1974
C11489
C4119
C7293
C13694
C3839
C3833
C11804
C1694
C4240
C12819
C12011
C6682
C13051
C9509
C12577
C9173
C5956
C7479
C9044
C7504
C6918
C8795
C3117
C1894
C7983
C3190
C12641
C11301
C10828
C2449
C13739
C11116
C4889
C11649
C8208
C6424
C10801
C9096
C650
C525
C4212
C1645
C11042
C8377
C11986
C8176
C12629
C5494
C1914
C9698
C7982
C7591
C4855
C752
C4200
C4842
C8911
C6876
C5729
C6003
C1671
C8346
C4808
C7084
C8558
C690
C3154
C6872
C725
C6383
C736
C6806
C5264
C10484
C9486
C6129
C11978
C5631
C3497
C108
C12619
C5187
C9900
C9897
C4063
C12375
C9115
C11642
C7496
C982
C7021
C13098
C8574
C9627
C3335
C10070
C12938
C3902
C7608
C949
C10512
C10968
C10514
C493
C960
C7060
C10165
C6478
C5621
C8177
C3328
C6541
C11809
C10306
C5278
C11103
C1270
C6462
C3545
C907
C9651
C547
C12063
C13112
C9473
C947
C1431
C7359
C1878
C13832
C9087
C11416
C6562
C10463
C12591
C2264
C8809
C8677
C7542
C10007
C7361
C12048
C6102
C555
C7868
C1049
C1252
C2126
C6755
C4060
C259
C9231
C6053
C3645
C8844
C3916
C11783
C10951
C9373
C6057
C12897
C7200
C2441
C11372
C7343
C1983
C3660
C11106
C665
C6869
C4852
C13232
C5095
C2028
C10829
C774
C7428
C7204
C13244
C5858
C5708
C926
C11796
C1115
C6799
C680
C5325
C10502
C3815
C4356
C7124
C864
C3091
C4216
C5684
C13043
C2575
C3543
C6390
C3895
C8108
C278
C11678
C9921
C11461
C4237
C11090
C8687
C7561
C1618
C10175
C11829
C11110
C1664
C6212
C942
C8065
C11185
C7892
C901
C13449
C6980
C9911
C11105
C10151
C1071
C3112
C2676
C4190
C10840
C8830
C13423
C6282
C9334
C2051
C8217
C10065
C6653
C11181
C843
C1402
C13002
C7219
C12633
C11315
C1868
C5787
C9181
C765
C6396
C7615
C13292
C9867
C4491
C4938
C9740
C8864
C6718
C10549
C13258
C7271
C13823
C9472
C11644
C1279
C1268
C11765
C11679
C10204
C176
C6280
C11820
C4903
C5611
C4902
C9069
C9316
C7209
C9100
C9341
C1964
C5426
C3546
C11171
C13521
C8852
C1166
C5367
C8660
C12580
C11800
C3467
C7249
C676
C5598
C6920
C1127
C5492
C4109
C13129
C3644
C11474
C716
C2911
C43
C5431
C4399
C10480
C6139
C4195
C8380
C9686
C7650
C12453
C3867
C2870
C11506
C7214
C10483
C6049
C11317
C10307
C4129
C9790
C8429
C10590
C3198
C12971
C1684
C7843
C1775
C1930
C8573
C2149
C11392
C10956
C12018
C822
C283
C9802
C13269
C10090
C1907
C6178
C2570
C852
C9219
C9146
C8868
C13523
C3752
C2377
C8893
C1149
C3919
C11357
C3896
C3561
C12524
C12157
C10212
C12455
C12975
C4513
C8721
C4556
C7586
C2118
C4255
C6328
C1920
C12327
C11906
C11335
C13135
C12767
C3118
C8887
C10567
C6099
C7588
C85
C11942
C3764
C6179
C10192
C10619
C10609
C248
C6389
C12092
C7565
C13118
C8771
C13429
C3539
C1306
C4789
C12569
C10213
C12615
C11187
C12769
C2780
C241
C3550
C12429
C2283
C4829
C11501
C5916
C9126
C7250
C10123
C872
C8405
C4391
C7364
C3674
C12773
C13012
C3000
C13692
C3398
C9868
C3004
C6416
C12016
C24
C863
C1332
C3501
C510
C1959
C3345
C9040
C11728
C8094
C10081
C3829
C7595
C8324
C8676
C11359
C9687
C3253
C11608
C12242
C2975
C8530
C3705
C4256
C4047
C13435
C12578
C11988
C378
C9895
C8254
C800
C440
C1315
C4435
C13176
C1242
C13077
C494
C9842
C2661
C4669
C5480
C504
C9217
C1028
C11274
C4390
C5629
C13140
C7838
C1644
C8189
C1138
C6623
C12588
C1746
C1236
C7891
C13207
C9674
C10172
C5866
C7103
C3302
C4232
C8971
C10076
C9492
C11810
C13045
C9633
C5751
C1075
C2856
C1762
C3932
C6338
C13391
C6061
C3044
C7901
C12484
C13524
C4316
C5691
C8744
C12418
C10845
C10851
C9997
C11142
C13167
C13735
C8703
C11092
C3267
C6846
C4839
C6245
C13032
C12376
C13482
C9985
C11305
C3861
C5192
C9838
C6836
C10937
C7208
C9957
C6973
C11470
C2023
C12639
C6267
C7460
C11584
C13053
C12338
C1178
C9323
C9370
C3745
C8749
C1413
C11872
C6685
C13286
C10525
C4558
C7135
C9864
C12865
C12070
C13351
C100
C7397
C11937
C4389
C13829
C6252
C9971
C8925
C4940
C8969
C7210
C9852
C4573
C2743
C9678
C9063
C2644
C12014
C8159
C7277
C12404
C6160
C5495
C2275
C6334
C512
C12150
C8812
C558
C5081
C10763
C13361
C4086
C8804
C9078
C109
C6185
C287
C766
C3148
C1663
C6066
C1725
C5659
C376
C9800
C777
C8235
C9972
C7136
C10153
C10875
C7434
C7500
C8059
C9119
C1396
C9020
C4084
C5144
C13054
C4734
C8714
C8077
C4228
C663
C7969
C8124
C442
C4042
C1768
C1866
C6303
C803
C6480
C9036
C856
C7320
C13309
C7351
C12434
C5300
C12045
C12173
C9021
C681
C1685
C2648
C12149
C11078
C6648
C1050
C4666
C2105
C12852
C9180
C1625
C899
C4260
C8109
C4133
C12653
C8788
C7303
C3172
C4934
C9449
C1390
C12974
C9233
C329
C11622
C8560
C11924
C3554
C1368
C4309
C7406
C12901
C12670
C6898
C5306
C6888
C5661
C8655
C1383
C4663
C9032
C1293
C11088
C13722
C1988
C2095
C7126
C13406
C2789
C12409
C9384
C10718
C2306
C7445
C12290
C7028
C10751
C12359
C9703
C2198
C5997
C10451
C9415
C8535
C12898
C4526
C12567
C11229
C5565
C3399
C7681
C12514
C762
C686
C40
C12393
C6268
C6879
C12009
C1277
C2252
C5154
C12856
C430
C8563
C10503
C7890
C7098
C3255
C142
C10979
C13236
C3737
C6007
C5447
C977
C642
C3563
C6706
C6865
C5156
C3481
C10436
C696
C4926
C13247
C7682
C6128
C732
C9953
C11364
C3340
C11721
C1816
C7574
C5252
C7485
C7531
C5438
C3783
C4204
C103
C7357
C4756
C1443
C6981
C8076
C9728
C6832
C10841
C8666
C1273
C8987
C11475
C4383
C8215
C11000
C7410
C629
C12616
C5770
C12506
C1760
C9302
C4400
C9073
C6029
C9222
C2335
C7257
C11599
C1996
C12152
C498
C5527
C12360
C3248
C3278
C5100
C10943
C1973
C5442
C2451
C12671
C10837
C8998
C13424
C9356
C5885
C7573
C13096
C3359
C6159
C900
C3560
C490
C13410
C7292
C3734
C12812
C5206
C11752
C13333
C13145
C5776
C8853
C4206
C749
C4693
C5445
C11350
C9731
C11667
C6296
C10589
C8645
C6812
C13274
C11273
C12663
C13824
C8404
C13151
C5503
C4628
C1253
C12737
C7529
C11646
C12204
C4443
C9811
C10505
C8078
C3668
C2203
C9959
C770
C12589
C9328
C1346
C10495
C13845
C503
C10756
C13476
C7884
C5274
C8811
C11904
C9693
C1626
C6529
C3276
C10596
C8127
C9511
C2037
C9485
C6074
C1340
C9046
C8722
C8999
C10859
C1719
C4793
C113
C4043
C6849
C3717
C8955
C3735
C10113
C315
C8431
C940
C5127
C11282
C7299
C13239
C6557
C9034
C5348
C9656
C5955
C335
C759
C13862
C8663
C6669
C1897
C6731
C2386
C3911
C1966
C2710
C9928
C2685
C13169
C6324
C4803
C5562
C1310
C7448
C5580
C2443
C1590
C11122
C13235
C4067
C372
C12734
C3714
C6748
C13131
C7278
C11328
C1136
C944
C12077
C2279
C1280
C9141
C2551
C5995
C8767
C11597
C6301
C3888
C9331
C961
C3446
C3028
C13414
C1211
C13306
C9471
C1614
C6321
C4636
C9727
C6901
C12928
C10989
C1145
C11673
C731
C3142
C3297
C13166
C859
C10187
C8179
C5320
C10805
C10601
C5624
C3912
C9053
C11280
C648
C7052
C12339
C11424
C9367
C1033
C4265
C5652
C5299
C4412
C7975
C1143
C1491
C6313
C3445
C3440
C11039
C4788
C4180
C7605
C11594
C11176
C8089
C11756
C1891
C10635
C5504
C1705
C7059
C6877
C7342
C3514
C5312
C11197
C2293
C12807
C13013
C13821
C8248
C7082
C10630
C7307
C12174
C10935
C8033
C12483
C10402
C2592
C4550
C2143
C11807
C13480
C3495
C12692
C11851
C5705
C9772
C9499
C9946
C572
C11896
C3454
C6896
C9865
C1179
C13825
C1461
C4327
C12337
C13457
C4423
C10999
C1297
C1128
C871
C9667
C8195
C13701
C9276
C3396
C7099
C5484
C5180
C7326
C13848
C9050
C2748
C11632
C823
C3482
C2281
C3011
C3449
C10876
C8785
C4367
C7896
C2818
C6318
C2223
C645
C8534
C11585
C4823
C1018
C3802
C7116
C8497
C12618
C5225
C12531
C8601
C7446
C8206
C5094
C3922
C5183
C3074
C3046
C5919
C5828
C721
C10758
C3457
C6342
C2383
C10275
C12981
C9138
C3271
C10401
C5425
C9500
C1118
C2873
C5096
C1943
C12408
C6736
C1255
C6814
C4065
C3125
C1595
C2871
C2403
C6251
C599
C4096
C10464
C6045
C6136
C7348
C8323
C3929
C922
C362
C6571
C3672
C8265
C538
C7457
C5200
C4366
C9107
C8329
C4434
C2276
C8087
C1586
C8896
C1901
C5876
C12315
C9455
C11394
C4960
C343
C10305
C8185
C12573
C4056
C6856
C6560
C9125
C8652
C13008
C4090
C13125
C2205
C3127
C2646
C3180
C3331
C6058
C9515
C11332
C10269
C11463
C6851
C1349
C8761
C11572
C10255
C3904
C8735
C11645
C12151
C11190
C11938
C6842
C1638
C5163
C7138
C4209
C13398
C5873
C11330
C1876
C9871
C3290
C6703
C3360
C7423
C7627
C6269
C6218
C930
C5892
C10276
C10003
C13737
C10887
C6934
C2058
C13847
C7929
C3766
C11472
C1942
C3217
C4924
C773
C12902
C11258
C13695
C11112
C3318
C12766
C4507
C3116
C12495
C6536
C9805
C9014
C13156
C12813
C12058
C6854
C693
C5653
C12880
C3779
C4193
C7094
C2025
C12529
C4181
C668
C4227
C4340
C8885
C10482
C12258
C7020
C13736
C4272
C993
C2367
C10265
C5576
C4031
C11664
C2730
C8952
C4758
C2147
C10523
C4624
C2201
C5310
C937
C10378
C6742
C5706
C10203
C11085
C5090
C6130
C2686
C12973
C9837
C13827
C2068
C11826
C4970
C3358
C5901
C3258
C4030
C1925
C6808
C12933
C5392
C5347
C5423
C9980
C3605
C12886
C5142
C12723
C3559
C5304
C5288
C10945
C6113
C1256
C4493
C5091
C10185
C11718
C8062
C4845
C4665
C971
C11600
C13064
C1678
C6538
C11828
C5791
C6575
C7354
C4568
C7921
C1013
C6387
C5082
C12905
C6946
C7401
C8875
C9840
C327
C9939
C1915
C271
C3649
C8972
C377
C2024
C7269
C1912
C5167
C7211
C10404
C9540
C7199
C5404
C9798
C1789
C13859
C7420
C10053
C12289
C11635
C11595
C12867
C1722
C9878
C1135
C11818
C4626
C147
C1134
C5186
C4321
C10261
C11504
C1805
C12523
C2131
C11135
C8164
C12298
C2064
C8822
C608
C4183
C4414
C4518
C12775
C2875
C1895
C7590
C4634
C2580
C7224
C6932
C13887
C12643
C10446
C7093
C8862
C5204
C4848
C11128
C13168
C7490
C6311
C3005
C12482
C13289
C9814
C10376
C13857
C5285
C4551
C6702
C2882
C12034
C13487
C9007
C13046
C3704
C4874
C9502
C3918
C2625
C3107
C9134
C3698
C3530
C9452
C11400
C12765
C8583
C10992
C12238
C3557
C6064
C10186
C12323
C10174
C996
C8974
C8152
C3816
C11132
C3285
C7362
C9255
C3925
C185
C3391
C1004
C8908
C5746
C8900
C9309
C12183
C4846
C9432
C12489
C6373
C11319
C9961
C13203
C11747
C6106
C13396
C13074
C10585
C5322
C9650
C2616
C10152
C9655
C8057
C3748
C921
C12810
C6809
C10068
C9303
C10513
C11160
C550
C5262
C4546
C10498
C7323
C9700
C6042
C8926
C2782
C324
C8037
C3567
C6567
C1994
C5240
C3351
C4827
C11281
C4637
C11299
C10964
C2087
C11252
C10062
C13158
C7201
C9291
C2881
C13841
C4298
C2829
C12620
C12761
C2321
C4381
C3579
C6694
C8886
C5690
C478
C7107
C7100
C1458
C5637
C11304
C5992
C3860
C9320
C3214
C9372
C6131
C3700
C2271
C2212
C4631
C3767
C4901
C11156
C8119
C9799
C12066
C1022
C9067
C4925
C8433
C13213
C4733
C8814
C11072
C968
C6757
C514
C6553
C4508
C11831
C13265
C5713
C7240
C10143
C8229
C12407
C12061
C4792
C8815
C8209
C11285
C6081
C5717
C8956
C8839
C6895
C9823
C10978
C8081
C8091
C7080
C13240
C6233
C7235
C1844
C8067
C895
C6502
C3880
C5387
C3844
C11768
C2562
C5181
C4294
C3372
C7433
C1794
C9175
C13352
C12463
C1288
C12760
C1391
C3344
C459
C9254
C12673
C13003
C6211
C8264
C8876
C814
C3356
C5774
C8986
C9732
C13830
C13242
C247
C12814
C11349
C4430
C10975
C4969
C13015
C4763
C6889
C7163
C769
C1005
C2337
C8376
C13157
C6532
C491
C5188
C1643
C9522
C1783
C10888
C11873
C7449
C11270
C3670
C4499
C7924
C7413
C2113
C13456
C13300
C7265
C3286
C10071
C4081
C8385
C10474
C12068
C13262
C6596
C3069
C9673
C5155
C5201
C439
C6811
C1864
C258
C3041
C11792
C8571
C8755
C1610
C5685
C13467
C1428
C1120
C3801
C5648
C2109
C5529
C2591
C12695
C7164
C4274
C6246
C6724
C9510
C8190
C12936
C1637
C1712
C10167
C6253
C12430
C4071
C9950
C6420
C1084
C13022
C3500
C4393
C12426
C1700
C1238
C488
C7483
C12565
C11077
C5214
C836
C9068
C5283
C6034
C9089
C11082
C183
C12155
C8743
C6388
C11316
C7963
C4885
C7390
C7492
C12528
C11166
C1274
C4286
C5153
C7564
C1661
C2100
C281
C10441
C355
C1733
C7589
C11380
C1970
C5911
C9781
C1734
C1381
C5608
C6499
C9019
C8706
C7832
C1653
C8807
C13684
C12711
C9861
C967
C9079
C10438
C5152
C1080
C3897
C3169
C3736
C6860
C7322
C7677
C6249
C13097
C6652
C13381
C10941
C1883
C11107
C4843
C12049
C13831
C11669
C7461
C3327
C6198
C5263
C3535
C9769
C2162
C10156
C4511
C4959
C7368
C4536
C1036
C8288
C12772
C515
C1313
C652
C6240
C11311
C13280
C1992
C4629
C450
C357
C13314
C10796
C6012
C13211
C8741
C1889
C7870
C7384
C7922
C6152
C11087
C12413
C7456
C8768
C7575
C7898
C13308
C6651
C4039
C3165
C7869
C3289
C7626
C9933
C4268
C10119
C6745
C3347
C13248
C1395
C11459
C6974
C11006
C11589
C12485
C8678
C5733
C8408
C5868
C3699
C8683
C11323
C9288
C8106
C1418
C10015
C5771
C743
C13141
C776
C10048
C1613
C9825
C6032
C7559
C536
C8649
C3754
C5211
C7915
C5452
C9981
C8968
C7016
C5403
C3057
C5307
C1325
C3368
C9352
C758
C5025
C10089
C9884
C6975
C5548
C667
C12686
C13895
C10022
C7353
C4306
C3786
C9639
C4791
C112
C4188
C3460
C2653
C9976
C3869
C4819
C1423
C7979
C11989
C11283
C13103
C9324
C10637
C4396
C5902
C5889
C13883
C877
C9297
C4576
C7248
C1962
C8240
C516
C882
C1003
C10002
C12424
C3067
C2643
C9507
C12302
C10966
C10773
C13299
C13419
C3254
C5351
C585
C11425
C9512
C10962
C8241
C7262
C3282
C1008
C4574
C4861
C1594
C4831
C12712
C2215
C12235
C1622
C3122
C3121
C8068
C5476
C11894
C8710
C7230
C9279
C10301
C4476
C8347
C3167
C9514
C4130
C3747
C1046
C4054
C10990
C13224
C8334
C1688
C9913
C8973
C4667
C11766
C2009
C970
C10060
C12644
C12592
C11547
C9484
C13462
C432
C985
C12171
C757
C13020
C11647
C13486
C7218
C6527
C596
C12286
C2015
C6320
C4440
C12503
C2624
C10168
C4415
C11844
C11009
C6083
C8838
C3886
C678
C4210
C13275
C3502
C13748
C12316
C1591
C8580
C9315
C4906
C1709
C8590
C13212
C4058
C656
C3728
C3575
C2
C7877
C6232
C9948
C11032
C3608
C2096
C10826
C11742
C811
C11802
C1961
C2187
C6279
C6700
C8267
C4062
C973
C10938
C12147
C5682
C99
C761
C9870
C6307
C5675
C7579
C5497
C9819
C1292
C772
C5189
C1875
C3826
C8582
C2277
C6891
C13357
C8147
C13070
C9221
C2979
C6047
C3830
C5854
C2907
C6033
C1141
C11129
C5945
C4184
C9425
C12050
C4557
C7198
C6098
C12652
C11254
C11053
C6885
C13481
C10020
C9774
C5462
C11735
C13005
C3609
C5643
C3892
C12132
C11262
C139
C5281
C3273
C5949
C5554
C7314
C7525
C5215
C5852
C5758
C9028
C5184
C13458
C6306
C3138
C12471
C1123
C9061
C13518
C13122
C4538
C5564
C12942
C1466
C1045
C728
C4448
C7332
C8202
C424
C10998
C2389
C4354
C10054
C1617
C6531
C6661
C13529
C8082
C8760
C3443
C8826
C4967
C13111
C3189
C953
C3866
C2189
C697
C7220
C9245
C906
C12431
C767
C2886
C13754
C7527
C7276
C6833
C3656
C13311
C5493
C1926
C10816
C2320
C10472
C6078
C1333
C47
C11748
C6719
C10855
C5856
C2910
C9812
C5909
C4091
C7283
C11876
C8428
C10494
C10499
C3947
C4753
C9318
C4308
C42
C1753
C5994
C1672
C8843
C10936
C3390
C10723
C5525
C5420
C11948
C3780
C3367
C3341
C13067
C5208
C2088
C8665
C4738
C8230
C8726
C3493
C11121
C1030
C8953
C10542
C5397
C1467
C3476
C9042
C4203
C5915
C7498
C979
C1990
C11749
C13182
C10059
C8752
C13354
C4271
C7698
C12649
C13
C10843
C1899
C9382
C8770
C9648
C12423
C9896
C9652
C10543
C7092
C6044
C359
C9424
C3519
C9368
C3322
C7017
C9236
C13251
C905
C10271
C5762
C12075
C4697
C1604
C10176
C3806
C12826
C8302
C9782
C3782
C11921
C11939
C11956
C4029
C6737
C1862
C1830
C10983
C1399
C8892
C9456
C10016
C9143
C7232
C1936
C6779
C5721
C2106
C5760
C8074
C6112
C8847
C9644
C886
C5419
C12240
C12051
C11069
C249
C5904
C6107
C12815
C9791
C2754
C4942
C4562
C1640
C12624
C7475
C6189
C5601
C5613
C11175
C7893
C2868
C5412
C1927
C12740
C12414
C1659
C11395
C2705
C5287
C8058
C10467
C636
C9230
C1026
C7273
C2330
C13740
C2261
C2062
C11637
C4757
C1934
C11725
C6266
C896
C8709
C7174
C5620
C9788
C3259
C7251
C6073
C12469
C8740
C10115
C1657
C6381
C11960
C13478
C9343
C13752
C12127
C11198
C5315
C5557
C10038
C4320
C6393
C9927
C9944
C7570
C13541
C9653
C5269
C3702
C501
C10001
C4815
C2885
C7840
C2880
C2727
C3568
C883
C1806
C6710
C4565
C1623
C11840
C7883
C11641
C9241
C11201
C11158
C1012
C990
C11174
C5395
C7205
C1203
C2136
C8813
C3894
C379
C10037
C1693
C9369
C10597
C6474
C9340
C12072
C5453
C1599
C6647
C5505
C5498
C1660
C5718
C11415
C2171
C3263
C9108
C8860
C13107
C12655
C8129
C3657
C7978
C1804
C9065
C4621
C11666
C7055
C3330
C6978
C1294
C1802
C240
C6382
C8537
C5130
C5461
C5145
C11799
C6708
C138
C6696
C3272
C7352
C13291
C2807
C5321
C9113
C11138
C3441
C6336
C1867
C7078
C12086
C13432
C1890
C5454
C2200
C11263
C3199
C6834
C5314
C1652
C8270
C8880
C529
C1015
C9249
C3352
C12743
C2013
C9901
C4236
C12236
C556
C1421
C5999
C888
C4264
C2673
C9002
C4245
C4041
C5173
C6867
C1385
C11264
C13320
C8805
C6783
C2798
C4317
C6446
C747
C11093
C7252
C3073
C11866
C6069
C8397
C649
C6190
C8581
C7134
C10042
C11303
C13035
C4114
C8855
C5212
C13206
C3643
C13143
C2747
C9960
C8355
C8949
C5099
C10923
C6905
C10987
C1829
C6500
C2448
C6622
C8296
C13123
C11486
C8299
C12952
C3437
C4541
C7528
C13152
C10303
C5448
C12665
C13058
C8869
C2242
C507
C4422
C1001
C7302
C5058
C627
C11162
C6158
C6329
C8879
C6419
C1993
C8161
C3338
C3120
C6087
C9722
C2090
C4433
C5913
C10934
C12715
C12689
C10171
C8040
C10148
C3321
C11257
C9412
C11587
C12872
C2558
C5646
C8533
C11832
C4087
C5460
C12084
C11640
C6756
C6331
C7610
C9076
C2368
C5265
C4116
C13387
C6398
C9037
C12260
C6059
C3800
C7170
C13376
C4196
C1601
C1696
C8833
C2884
C4822
C12853
C6244
C3566
C13388
C1818
C1984
C1291
C8559
C8803
C12411
C6209
C8967
C5255
C13731
C7882
C10959
C621
C104
C7329
C1454
C13771
C23
C2836
C4164
C7596
C11127
C9886
C7871
C7844
C10632
C6210
C1887
C9015
C3247
C486
C6247
C3145
C764
C738
C11950
C3438
C8984
C3532
C6522
C11607
C12667
C8920
C8766
C933
C13325
C1886
C2548
C6739
C3827
C9253
C3353
C11745
C5327
C5524
C7644
C4358
C717
C5570
C13066
C2549
C7563
C13437
C1729
C6858
C10091
C10111
C10491
C6017
C1857
C13520
C13208
C7234
C4810
C3252
C11895
C11613
C4197
C3298
C8646
C12071
C3361
C10973
C5596
C12415
C12563
C6802
C2111
C20
C9630
C4905
C8654
C11333
C12129
C13273
C13843
C10405
C8680
C6830
C2010
C9887
C9051
C6919
C11277
C1778
C6690
C5282
C1462
C7905
C12312
C9844
C931
C6852
C11276
C11014
C12566
C13519
C8168
C4037
C10813
C8409
C5213
C5683
C10972
C1225
C3369
C3109
C1603
C3758
C10493
C4851
C11834
C1077
C4488
C9807
C5861
C10507
C3769
C11755
C10771
C10128
C13227
C12982
C11764
C628
C4904
C4849
C7904
C10603
C5651
C7096
C2395
C9418
C9088
C9885
C1437
C6163
C3208
C3703
C10000
C1785
C587
C10977
C7347
C9098
C6775
C11108
C11230
C673
C13439
C438
C1893
C9467
C1206
C11672
C9697
C7398
C9979
C904
C6243
C11726
C12980
C2442
C12082
C12156
C7622
C5716
C9478
C8386
C13260
C3492
C10057
C4514
C10471
C8867
C13727
C9319
C11145
C13732
C7328
C3755
C9771
C9470
C1131
C13210
C9894
C6546
C7024
C4963
C2545
C10822
C4282
C8718
C13105
C8653
C5410
C13113
C11321
C10468
C6563
C2199
C13750
C6475
C1326
C2008
C6216
C509
C8286
C9013
C2668
C365
C1493
C7647
C13128
C13192
C7981
C4213
C13483
C9647
C3140
C349
C12033
C9025
C2258
C6855
C1948
C2647
C10456
C10982
C1144
C8820
C11891
C12334
C12970
C10880
C4124
C9482
C7102
C4564
C12562
C4251
C4436
C2740
C6182
C10818
C7289
C9359
C8720
C6088
C4862
C9729
C11846
C6965
C5872
C11933
C12946
C7606
C2529
C7370
C1798
C7881
C423
C7408
C9508
C8575
C9148
C6067
C6704
C5602
C10752
C9322
C3499
C11791
C4189
C5132
C9365
C8829
C12182
C613
C6076
C8798
C4446
C655
C9423
C12680
C2251
C4342
C3049
C7486
C11734
C12631
C12771
C11318
C10454
C1488
C3256
C1114
C4539
C2273
C6016
C5416
C10991
C11604
C7239
C1125
C9813
C952
C7614
C3831
C5880
C8659
C1904
C11591
C1676
C12875
C5311
C7349
C9308
C11272
C11125
C8903
C4233
C11037
C4175
C11920
C2906
C8069
C10815
C10605
C6248
C5133
C4830
C5170
C10865
C9366
C597
C4416
C13171
C12679
C554
C13817
C12494
C7115
C22
C9012
C7438
C12770
C11477
C6674
C11627
C11199
C1195
C465
C9351
C12949
C557
C1788
C12612
C9918
C9998
C10086
C11278
C9375
C10444
C11744
C12454
C7027
C9879
C6740
C3529
C10201
C2132
C9856
C3729
C10797
C6188
C1367
C5669
C9681
C8031
C6688
C13230
C3337
C6839
C10971
C11033
C12358
C7600
C9479
C9907
C9049
C6732
C2729
C10919
C7874
C5400
C7562
C5860
C7023
C3412
C6750
C1989
C9437
C106
C4547
C5891
C1419
C8705
C5622
C8897
C3887
C7474
C2662
C3576
C9084
C1296
C4249
C8745
C964
C1924
C13409
C635
C670
C7355
C3147
C9332
C1855
C4821
C2060
C8239
C4553
C11582
C4817
C10904
C2138
C8348
C7270
C13202
C4459
C5884
C13390
C3173
C8878
C8507
C13757
C4535
C6726
C6414
C13037
C9004
C12396
C5763
C10310
C2222
C1882
C10126
C9797
C9468
C11418
C7980
C12263
C988
C13785
C10066
C4323
C3186
C12080
C8165
C3439
C804
C9459
C3461
C11812
C3824
C9841
C10169
C5422
C2127
C10138
C4319
C11954
C7053
C12626
C951
C2299
C5924
C3472
C1439
C851
C11421
C3921
C13721
C5463
C10267
C177
C3475
C1248
C13781
C10409
C12848
C7077
C11094
C8410
C511
C13474
C1304
C2110
C1348
C9246
C7371
C13378
C3523
C2270
C6091
C3548
C1422
C11835
C11770
C13261
C8753
C12265
C455
C2114
C11041
C9801
C8205
C1034
C4420
C11750
C9670
C3516
C7015
C1589
C2172
C2801
C5528
C8730
C920
C12683
C6281
C10270
C5730
C10754
C13305
C11628
C13080
C10337
C5482
C1792
C8079
C13057
C3508
C9917
C7444
C12685
C11111
C707
C12708
C10627
C351
C9410
C3090
C661
C9398
C8532
C3572
C7241
C3558
C2976
C13741
C2382
C5354
C10118
C2268
C12903
C11155
C7569
C13313
C8562
C9336
C9849
C8330
C2169
C11427
C10492
C3720
C10892
C5765
C2350
C13237
C7645
C1455
C9335
C12
C2536
C7830
C6056
C3473
C8234
C9326
C10125
C12507
C12090
C8995
C4495
C12647
C237
C11382
C11422
C9185
C3350
C13136
C6284
C13745
C9843
C5899
C9978
C11601
C7072
C2866
C6068
C1309
C11905
C2759
C3552
C8237
C7386
C10817
C12433
C4946
C519
C1714
C11852
C9027
C7057
C6077
C2973
C5440
C6425
C8857
C11623
C8092
C9638
C865
C10760
C5128
C11677
C6298
C3216
C10839
C12700
C13392
C317
C873
C7463
C2912
C13102
C10878
C3108
C733
C6297
C6976
C7237
C8308
C11507
C9775
C2546
C1043
C2978
C7964
C10861
C10891
C8148
C7632
C6735
C13034
C1919
C1621
C6309
C5326
C723
C11182
C11819
C87
C5938
C3284
C11612
C12053
C3365
C4254
C11099
C13048
C12858
C5384
C5185
C8756
C989
C4207
C3195
C7547
C8916
C8438
C7903
C5942
C4253
C12584
C5386
C8143
C11780
C7636
C4163
C13018
C2295
C13775
C978
C12079
C9010
C3291
C6079
C97
C4731
C4290
C2019
C1311
C11331
C13728
C520
C9362
C10399
C7385
C552
C5863
C2777
C12465
C9314
C13405
C13459
C3176
C11737
C12223
C13006
C3485
C700
C4355
C7258
C6263
C338
C11870
C7928
C10256
C9346
C2336
C2384
C9773
C4335
C11665
C10121
C5449
C2561
C7680
C7462
C5573
C8083
C7526
C7399
C2674
C12722
C9357
C4178
C8381
C7294
C10830
C12085
C276
C12596
C10874
C5910
C458
C8727
C11771
C10268
C5561
C623
C3680
C7554
C4239
C8586
C5865
C7309
C10114
C3339
C7889
C11945
C1247
C9692
C9899
C11675
C13784
C11115
C487
C1963
C13159
C3517
C8894
C9144
C2179
C4971
C8191
C422
C11443
C13082
C5894
C6883
C13332
C9628
C9784
C1035
C5157
C6786
C4759
C12148
C7679
C3564
C2905
C3315
C7259
C9077
C5609
C10017
C11787
C12659
C10638
C4933
C2632
C1489
C13477
C8146
C6759
C6899
C1949
C3537
C10988
C694
C7418
C1716
C5584
C5284
C1708
C13238
C4870
C3126
C2174
C3123
C1533
C11662
C8227
C5216
C3366
C6845
C9210
C11545
C1612
C10144
C2857
C3725
C12908
C3756
C12330
C1009
C2861
C8063
C3915
C11674
C12621
C13310
C12510
C9696
C5890
C5176
C3749
C9803
C5393
C742
C3314
C6769
C12881
C5958
C6157
C671
C5917
C11687
C9642
C12768
C11391
C4657
C7517
C2120
C13083
C2168
C1945
C6155
C2303
C11633
C517
C13177
C10866
C2029
C10720
C2373
C12141
C7272
C336
C542
C12879
C4243
C10621
C3429
C4191
C10184
C5647
C12402
C3905
C10490
C11005
C1791
C4450
C12854
C9293
C12757
C11586
C4668
C5996
C5474
C8786
C10447
C6868
C3785
C3533
C537
C1031
C7291
C2817
C468
C9374
C675
C13697
C3187
C7143
C11011
C4943
C4445
C11462
C10942
C7578
C11476
C3301
C3494
C13101
C7382
C11417
C10882
C1913
C9847
C11951
C4497
C12691
C2671
C1932
C11329
C5102
C9003
C13866
C7417
C2294
C26
C1836
C9005
C7480
C9350
C337
C9955
C2528
C11993
C4441
C10561
C5618
C4192
C1219
C12329
C1176
C1263
C11929
C1432
C9719
C6015
C4307
C11751
C12052
C13330
C1366
C6604
C7367
C6043
C4345
C13415
C1979
C1809
C995
C4961
C12145
C6778
C13428
C10112
C5242
C8738
C4489
C8902
C5244
C4820
C2214
C4492
C12920
C13109
C8739
C980
C3274
C11269
C540
C1384
C299
C6645
C11383
C11367
C7050
C11821
C5126
C500
C11838
C11581
C11161
C11177
C9866
C6035
C10954
C10636
C669
C521
C10103
C6010
C5346
C10560
C6827
C8603
C6924
C5103
C11419
C3763
C9793
C13092
C11503
C2734
C3832
C2446
C5415
C141
C3503
C5604
C8988
C10258
C6009
C11479
C12177
C3294
C12533
C9026
C5574
C7305
C9213
C9114
C2620
C7247
C4923
C11481
C6777
C13283
C1888
C1701
C9902
C2909
C5500
C910
C3671
C8662
C1331
C3540
C9431
C114
C2714
C5657
C7010
C8309
C753
C8800
C11310
C2066
C9860
C13181
C6203
C4622
C7306
C4284
C6741
C9235
C9718
C12846
C12576
C12917
C13819
C6551
C6743
C4452
C2614
C11643
C8310
C4324
C3178
C4128
C2302
C1593
C1243
C10761
C12585
C860
C755
C1453
C6791
C2426
C9679
C11494
C624
C6325
C10501
C9325
C12457
C1958
C381
C5394
C11930
C8765
C4623
C5780
C9094
C4932
C7875
C9075
C4388
C9095
C643
C5488
C3111
C12464
C3452
C11794
C704
C3638
C10046
C4079
C8212
C3349
C9145
C7582
C9827
C3509
C5169
C2738
C12894
C11139
C2376
C1410
C12539
C1157
C5623
C9792
C13375
C4088
C2259
C12074
C1950
C1629
C6635
C13284
C3362
C914
C1534
C9123
C13407
C8688
C9965
C13685
C3269
C4510
C9523
C12681
C8816
C7440
C12809
C6164
C8226
C13137
C9524
C3581
C13025
C10562
C634
C1312
C12899
C3661
C3884
C4211
C691
C4534
C7678
C12574
C1447
C3474
C1761
C4737
C9517
C4214
C4229
C11159
C12443
C4909
C13758
C12556
C6701
C7011
C4545
C4076
C8542
C10170
C9228
C12972
C10838
C778
C13436
C3799
C6206
C6090
C9389
C3371
C11962
C10437
C5830
C2216
C11396
C2814
C4252
C6693
C13485
C10085
C2288
C2134
C2148
C12480
C1360
C11922
C12811
C10766
C9525
C1814
C4176
C7236
C11010
C1938
C3395
C13389
C10481
C2045
C13188
C4376
C7429
C9060
C12518
C13001
C13085
C11996
C4483
C12466
C1334
C9092
C10721
C110
C4046
C7346
C9963
C7206
C12513
C630
C7123
C5175
C9983
C7489
C10765
C4656
C729
C2038
C9035
C541
C11874
C3293
C3055
C13779
C11081
C11172
C3836
C1414
C2682
C4838
C2728
C10981
C1650
C1715
C12255
C12055
C8827
C12526
C3640
C12669
C10506
C2206
C4318
C3541
C13358
C9795
C11126
C11719
C2027
C3224
C5709
C13266
C12947
C9954
C9908
C7388
C5518
C4036
C7899
C2401
C1819
C4325
C9857
C5912
C8651
C12735
C10545
C5296
C11080
C13856
C4962
C9321
C5671
C1156
C11686
C6835
C11144
C929
C4867
C4887
C3262
C3456
C8075
C2972
C11811
C5270
C13316
C6080
C826
C4555
C11183
C5750
C8799
C9091
C13185
C10403
C11740
C8842
C3428
C12028
C8331
C76
C10624
C11473
C7831
C3329
C6929
C12419
C11377
C11483
C3871
C11204
C1202
C3205
C745
C13164
C7701
C8253
C5605
C2091
C13326
C8578
C5871
C8295
C4618
C11927
C734
C1142
C3115
C549
C7254
C7112
C10764
C4506
C8823
C768
C5672
C11340
C373
C12422
C7339
C13016
C12741
C8038
C9821
C4106
C8425
C3319
C9932
C9105
C7443
C9242
C12083
C911
C2742
C3843
C10867
C9187
C3444
C12181
C9923
C9066
C5947
C9489
C3400
C3308
C12538
C5862
C1872
C4635
C3241
C13190
C11227
C6234
C1999
C9810
C12328
C3926
C11825
C4035
C5853
C5129
C12410
C1981
C11202
C3211
C10117
C13281
C4891
C3759
C4273
C3526
C6904
C3149
C1320
C6943
C2046
C13052
C5272
C6964
C3309
C5424
C6837
C4865
C10626
C7221
C8789
C13723
C4761
C10757
C6637
C834
C5483
C1808
C11393
C1433
C565
C7879
C6728
C4126
C8144
C5998
C975
C8905
C13871
C10755
C9229
C7245
C10263
C2014
C4359
C10107
C5761
C9986
C5293
C3753
C6548
C7442
C2272
C13021
C1316
C1014
C8626
C6547
C1032
C5944
C13154
C4449
C10583
C9504
C10939
C10400
C13104
C7580
C11365
C7558
C9101
C3531
C10633
C2621
C3364
C6945
C9387
C492
C11833
C3161
C3177
C11900
C13183
C5352
C2031
C12945
C9947
C8909
C10825
C4055
C11720
C827
C5747
C9453
C12851
C4834
C6630
C1847
C730
C12534
C5957
C13734
C715
C6476
C1666
C13121
C3743
C13042
C9661
C2163
C7412
C8305
C7599
C2175
C12940
C11898
C9310
C13142
C4850
C11619
C10722
C13693
C6998
C6065
C3343
C13010
C4947
C7064
C449
C6638
C8921
C11732
C3050
C12876
C9434
C7583
C6781
C5409
C5779
C13443
C6110
C12677
C6625
C3141
C3249
C8806
C2439
C10075
C8294
C9312
C11676
C10950
C3708
C13404
C12425
C10582
C13321
C3411
C9112
C5267
C3835
C5430
C2660
C5292
C13463
C9247
C9516
C2908
C11782
C11722
C1817
C8821
C1881
C12651
C1460
C4357
C7872
C11549
C4377
C1286
C2440
C801
C6097
C9140
C12530
C1903
C2438
C13399
C6801
C8982
C1299
C1941
C7061
C12294
C5878
C8747
C2684
C2262
C551
C9643
C3240
C3066
C9690
C4337
C658
C2830
C10824
C11203
C11314
C12257
C6734
C3462
C13452
C12873
C8948
C10309
C8197
C6738
C8724
C7225
C62
C924
C6048
C2257
C9669
C10591
C997
C444
C1633
C6038
C7607
C5667
C10996
C9224
C5666
C8293
C8802
C2285
C7571
C12710
C740
C2797
C6327
C3465
C11781
C3226
C12343
C3504
C11073
C3012
C10581
C8085
C2292
C12654
C11426
C12448
C9826
C11992
C5125
C4458
C4177
C3430
C4929
C9582
C6426
C9659
C5781
C2779
C5673
C6265
C13455
C3515
C1392
C7065
C11441
C13525
C4549
C7960
C4814
C12305
C7577
C1654
C5164
C4794
C10036
C3346
C4304
C4419
C640
C1656
C13444
C3355
C1234
C9399
C13836
C699
C4346
C7261
C2794
C9103
C4451
C4442
C429
C11307
C3776
C3215
C11150
C13377
C6153
C12978
C9383
C1871
C9488
C11194
C7360
C11256
C5660
C1647
C4973
C5625
C854
C13317
C13776
C2450
C1319
C8704
C7484
C5097
C13468
C10957
C1815
C10563
C10767
C3524
C810
C6838
C4082
C531
C3310
C13324
C5937
C11823
C6977
C5829
C1287
C6031
C10920
C10299
C238
C2260
C5205
C12650
C13040
C972
C8915
C5943
C13759
C12472
C10173
C3027
C735
C8207
C8763
C9691
C1667
C8167
C12855
C8531
C6060
C9717
C1441
C12932
C7127
C4353
C5742
C9483
C8332
C9682
C10069
C2655
C5581
C2864
C3652
C9055
C12445
C9287
C5990
C6813
C1487
C8946
C7689
C3885
C2142
C4380
C10157
C3521
C1759
C6753
C4101
C7839
C7560
C12568
C2304
C9458
C1282
C6970
C11936
C6540
C8541
C4542
C11157
C3275
C11179
C9232
C13868
C9987
C7396
C10073
C7920
C10051
C8711
C12292
C10905
C545
C13838
C10814
C9023
C9922
C1283
C2300
C9794
C7101
C13287
C3003
C10890
C4092
C11284
C3451
C11949
C4426
C3761
C1611
C9278
C11376
C175
C4841
C10844
C8783
C8141
C1668
C1976
C4173
C7069
C1356
C6005
C11123
C11338
C1341
C7054
C6528
C2883
C9045
C1922
C11743
C7867
C1737
C9018
C5993
C4927
C1952
C7049
C5582
C9056
C11727
C3265
C8794
C136
C7491
C6105
C12521
C9858
C3987
C8396
C3194
C7437
C13420
C13071
C2146
C5607
C8066
C1987
C8572
C6712
C5329
C12139
C9660
C11682
C7973
C3658
C13184
C7327
C1456
C495
C5712
C2331
C6071
C8689
C965
C2478
C8831
C1807
C2039
C13068
C9342
C3788
C6747
C1797
C11141
C10500
C8793
C4854
C7501
C8751
C12146
C1800
C11683
C6797
C9862
C12184
C8834
C3489
C4660
C2914
C306
C12432
C6933
C10137
C8591
C3261
C11816
C1218
C3525
C6602
C11186
C1476
C11871
C5766
C2444
C10846
C6687
C11774
C13147
C11480
C11324
C5887
C9280
C462
C861
C10199
C10381
C8849
C5402
C3750
C10340
C1434
C11903
C11117
C8203
C8824
C8883
C4694
C8175
C5603
C12759
C6200
C6201
C6494
C9083
C4107
C13442
C9030
C7079
C4100
C3182
C9730
C3555
C339
C5398
C8290
C13120
C10879
C3544
C539
C3136
C8648
C7058
C8353
C10986
C6670
C10594
C10458
C5429
C8901
C9109
C8126
C1235
C11849
C12927
C5502
C987
C3784
C3513
C3114
C7616
C4066
C10980
C8170
C11152
C1632
C7068
C12137
C6554
C12420
C10540
C8644
C1072
C1389
C11180
C10455
C11947
C5146
C13379
C7687
C4131
C4437
C10410
C9490
C2318
C6204
C9941
C7308
C12951
C89
C7567
C4168
C13084
C5385
C2638
C12694
C8301
C13681
C3768
C518
C7246
C8187
C8043
C11373
C3850
C9072
C7338
C1403
C11445
C2631
C3311
C5790
C3181
C1298
C1634
C13119
C8382
C2274
C13380
C6754
C1300
C331
C7222
C7646
C3316
C8160
C1826
C3047
C10963
C8232
C8729
C12645
C885
C5112
C9041
C6070
C2550
C13024
C802
C4964
C9721
C9668
C1194
C8042
C9419
C1731
C2654
C9225
C8627
C666
C3488
C13787
C1322
C4425
C7192
C7648
C6550
C6300
C5434
C5239
C3679
C6075
C684
C11803
C2026
C3415
C1628
C11785
C9503
C13229
C5923
C7012
C1831
C5052
C7267
C8657
C737
C10526
C4075
C4480
C3846
C7195
C12764
C11464
C7097
C4351
C3534
C9859
C918
C5499
C13780
C3738
C3307
C1314
C8712
C12690
C7415
C3313
C11997
C10272
C4360
C1025
C13421
C10602
C10106
C4936
C11806
C1011
C13148
C7619
C5922
C8430
C12929
C12713
C7216
C7140
C875
C9676
C1967
C4094
C12307
C7427
C841
C12625
C4185
C9059
C718
C5714
C2121
C12593
C5867
C1260
C12825
C11797
C2733
C4809
C12763
C11788
C7296
C13427
C10485
C6671
C6543
C8312
C13302
C8828
C11790
C10336
C9817
C13460
C41
C664
C2707
C6794
C12012
C11836
C1543
C5054
C3223
C8306
C4303
C5627
C10749
C6374
C11271
C2128
C2388
C9386
C3986
C13038
C1459
C4172
C7365
C9736
C1048
C5226
C11104
C11959
C13349
C2770
C7522
C813
C13479
C5056
C13473
C5388
C4664
C11907
C13165
C12461
C13844
C5085
C7048
C1600
C4625
C12456
C10136
C9282
C941
C10719
C10918
C6890
C11611
C639
C8434
C466
C9209
C7014
C7402
C11892
C10150
C3814
C13698
C10997
C13093
C9317
C53
C11398
C6101
C5305
C4833
C13023
C6695
C13778
C8877
C7925
C13162
C8061
C11169
C2862
C6132
C9070
C2652
C4866
C1121
C361
C12259
C7880
C741
C10885
C8904
C13426
C10072
C1583
C876
C13315
C7333
C27
C1937
C8888
C8846
C13033
C9422
C1269
C12067
C11638
C12623
C1635
C12581
C6181
C9251
C5934
C11617
C8216
C4844
C682
C8107
C9347
C6878
C1473
C4266
C6140
C12916
C8850
C3042
C13360
C10142
C6154
C12934
C10063
C10884
C9298
C9227
C12446
C10557
C9295
C1258
C1873
C11991
C5960
C7405
C2297
C6332
C9683
C9641
C13303
C300
C9450
C9920
C897
C5656
C10190
C4533
C10516
C2207
C6866
C11147
C984
C1231
C11322
C5207
C2048
C3305
C10625
C7971
C11154
C2030
C12904
C6323
C4363
C6640
C1019
C8906
C13691
C3574
C11845
C5486
C13542
C10139
C2713
C3436
C13353
C6681
C1636
C10993
C9355
C1232
C850
C3163
C289
C1828
C9106
C7631
C8090
C12535
C5578
C7324
C13786
C3052
C4292
C6018
C2032
C1076
C5711
C3486
C12340
C3193
C11952
C11223
C13044
C11881
C8166
C2876
C13091
C3713
C7476
C9796
C5597
C13323
C95
C6886
C8150
C7499
C11167
C3837
C9215
C2657
C3917
C6887
C3879
C3757
C9506
C4463
C6019
C11878
C12296
C9739
C10197
C8848
C13130
C1832
C9999
C12666
C1463
C3466
C5418
C6654
C12336
C4095
C11976
C10800
C7369
C5908
C13050
C10965
C878
C2623
C5433
C3654
C13401
C280
C12512
C8318
C9420
C3889
C6262
C5508
C5224
C1481
C13454
C7481
C5468
C457
C10881
C7129
C6725
C1137
C4072
C13087
C9058
C2123
C13209
C13007
C1986
C2056
C12884
C1228
C13030
C6717
C12126
C12460
C1624
C13749
C44
C2485
C9924
C7649
C4182
C8247
C3013
C8708
C5549
C7171
C13094
C5870
C8650
C7105
C4632
C2140
C7958
C7228
C10521
C6659
C8825
C10078
C7887
C3179
C1865
C6530
C4293
C2102
C6270
C12575
C9090
C7639
C2865
C11320
C4732
C6641
C6606
C8500
C7022
C1241
C7131
C1799
C11998
C8218
C9649
C5864
C3923
C7311
C8388
C8858
C884
C8723
C3038
C2559
C8194
C9454
C10958
C12564
C12154
C10040
C11004
C10058
C9822
C5190
C1787
C10407
C11493
C11490
C8746
C2137
C12029
C9062
C10726
C9926
C2092
C7624
C594
C8769
C1631
C7545
C13047
C5166
C11071
C11485
C13431
C10725
C4802
C2799
C9733
C412
C2731
C6793
C7263
C5969
C1699
C13301
C1843
C12504
C8784
C9770
C9250
C853
C6025
C5575
C821
C13214
C8125
C3426
C5227
C13854
C9952
C10487
C13173
C2437
C13220
C2460
C6183
C274
C2115
C5151
C1038
C2286
C330
C1430
C8145
C11957
C8287
C8039
C12520
C1116
C13279
C3642
C1793
C8863
C8859
C750
C612
C9631
C1152
C2618
C10021
C19
C4121
C3280
C6780
C5356
C2800
C739
C10195
C8884
C12237
C11995
C12883
C983
C4395
C11326
C925
C9906
C8983
C11943
C5256
C12816
C8588
C3536
C505
C6024
C3804
C1846
C3071
C174
C9218
C11779
C5914
C5450
C3040
C5553
C11205
C5210
C8403
C8354
C3296
C13828
C8095
C2675
C6376
C4093
C5612
C477
C10932
C3197
C4231
C562
C13543
C5948
C8328
C11733
C13413
C1587
C12774
C11130
C12046
C1795
C13818
C2741
C10260
C12762
C6116
C5883
C6944
C6711
C5558
C11630
C6084
C7618
C8733
C4888
C1607
C6686
C11002
C6603
C7067
C8384
C11795
C13430
C5898
C5318
C10182
C11054
C8214
C10189
C7435
C2860
C3659
C3279
C11151
C12299
C10448
C8034
C10462
C5456
C4115
C626
C6787
C10207
C6041
C11487
C10584
C11660
C12861
C1845
C10041
C11420
C874
C7458
C7395
C8922
C1951
C239
C9289
C13186
C13839
C352
C8352
C9640
C7502
C8186
